2019-01-30 09:34:53,173 - INFO -parseExc.py : 22 :__init__ - 用例路径：E:\project\ApiTest\cases\case_exmple.xlsx
2019-01-30 09:34:53,174 - INFO -newRun.py : 314 :runAll - 共获取3条用例
2019-01-30 09:34:53,184 - INFO -newRun.py : 328 :runAll - 正在执行caseId=3的用例
2019-01-30 09:34:53,244 - INFO -newRun.py : 107 :excute_case - 此次接口请求的header信息为--->None
2019-01-30 09:34:53,245 - INFO -newRun.py : 109 :excute_case - 关联接口-------->[]
2019-01-30 09:34:53,417 - INFO -newRun.py : 135 :excute_case - headers信息写入配置文件成功--->2b9d277ff70c49b19136c322f7472e38
2019-01-30 09:34:53,420 - INFO -newRun.py : 328 :runAll - 正在执行caseId=4的用例
2019-01-30 09:34:53,420 - INFO -newRun.py : 107 :excute_case - 此次接口请求的header信息为--->{'Accept': '*/*', 'Content-Type': 'application/json;charset=utf-8', 'cookie': 'DIS4=2b9d277ff70c49b19136c322f7472e38'}
2019-01-30 09:34:53,420 - INFO -newRun.py : 109 :excute_case - 关联接口-------->[]
2019-01-30 09:34:53,585 - INFO -newRun.py : 328 :runAll - 正在执行caseId=5的用例
2019-01-30 09:34:53,586 - INFO -newRun.py : 107 :excute_case - 此次接口请求的header信息为--->{'Accept': '*/*', 'Content-Type': 'application/json;charset=utf-8', 'cookie': 'DIS4=2b9d277ff70c49b19136c322f7472e38'}
2019-01-30 09:34:53,586 - INFO -newRun.py : 109 :excute_case - 关联接口-------->[]
2019-01-30 09:34:53,737 - INFO -newRun.py : 380 :runAll - 本次测试执行完毕，共耗时0.56秒，共执行用例：3条，成功：0条，失败：0条，阻塞：3条
2019-01-30 09:34:53,738 - INFO -report.py : 148 :get_report - 正在写入用例执行情况
2019-01-30 09:35:56,779 - INFO -parseExc.py : 22 :__init__ - 用例路径：E:\project\ApiTest\cases\case_exmple.xlsx
2019-01-30 09:35:56,780 - INFO -newRun.py : 314 :runAll - 共获取3条用例
2019-01-30 09:35:56,787 - INFO -newRun.py : 328 :runAll - 正在执行caseId=3的用例
2019-01-30 09:35:56,820 - INFO -newRun.py : 107 :excute_case - 此次接口请求的header信息为--->None
2019-01-30 09:35:56,821 - INFO -newRun.py : 109 :excute_case - 关联接口-------->[]
2019-01-30 09:35:56,982 - INFO -newRun.py : 135 :excute_case - headers信息写入配置文件成功--->3be638ee2f8e4fa29b253399c5c8bfad
2019-01-30 09:35:56,988 - INFO -newRun.py : 328 :runAll - 正在执行caseId=4的用例
2019-01-30 09:35:56,989 - INFO -newRun.py : 107 :excute_case - 此次接口请求的header信息为--->{'Accept': '*/*', 'Content-Type': 'application/json;charset=utf-8', 'cookie': 'DIS4=3be638ee2f8e4fa29b253399c5c8bfad'}
2019-01-30 09:35:56,989 - INFO -newRun.py : 109 :excute_case - 关联接口-------->[]
2019-01-30 09:35:57,130 - INFO -newRun.py : 328 :runAll - 正在执行caseId=5的用例
2019-01-30 09:35:57,130 - INFO -newRun.py : 107 :excute_case - 此次接口请求的header信息为--->{'Accept': '*/*', 'Content-Type': 'application/json;charset=utf-8', 'cookie': 'DIS4=3be638ee2f8e4fa29b253399c5c8bfad'}
2019-01-30 09:35:57,131 - INFO -newRun.py : 109 :excute_case - 关联接口-------->[]
2019-01-30 09:35:57,265 - INFO -newRun.py : 380 :runAll - 本次测试执行完毕，共耗时0.48秒，共执行用例：3条，成功：0条，失败：0条，阻塞：3条
2019-01-30 09:35:57,266 - INFO -report.py : 148 :get_report - 正在写入用例执行情况
2019-01-30 09:36:19,178 - INFO -parseExc.py : 22 :__init__ - 用例路径：E:\project\ApiTest\cases\case_exmple.xlsx
2019-01-30 09:36:19,178 - INFO -newRun.py : 314 :runAll - 共获取3条用例
2019-01-30 09:36:19,187 - INFO -newRun.py : 328 :runAll - 正在执行caseId=3的用例
2019-01-30 09:36:19,429 - INFO -newRun.py : 107 :excute_case - 此次接口请求的header信息为--->None
2019-01-30 09:36:19,429 - INFO -newRun.py : 109 :excute_case - 关联接口-------->[]
2019-01-30 09:36:19,529 - INFO -newRun.py : 135 :excute_case - headers信息写入配置文件成功--->9795c3004a884c85b5d1ff37278edf13
2019-01-30 09:36:19,532 - INFO -newRun.py : 328 :runAll - 正在执行caseId=4的用例
2019-01-30 09:36:19,533 - INFO -newRun.py : 107 :excute_case - 此次接口请求的header信息为--->{'Accept': '*/*', 'Content-Type': 'application/json;charset=utf-8', 'cookie': 'DIS4=9795c3004a884c85b5d1ff37278edf13'}
2019-01-30 09:36:19,533 - INFO -newRun.py : 109 :excute_case - 关联接口-------->[]
2019-01-30 09:36:19,697 - INFO -newRun.py : 328 :runAll - 正在执行caseId=5的用例
2019-01-30 09:36:19,697 - INFO -newRun.py : 107 :excute_case - 此次接口请求的header信息为--->{'Accept': '*/*', 'Content-Type': 'application/json;charset=utf-8', 'cookie': 'DIS4=9795c3004a884c85b5d1ff37278edf13'}
2019-01-30 09:36:19,697 - INFO -newRun.py : 109 :excute_case - 关联接口-------->[]
2019-01-30 09:36:19,856 - INFO -newRun.py : 380 :runAll - 本次测试执行完毕，共耗时0.67秒，共执行用例：3条，成功：0条，失败：0条，阻塞：3条
2019-01-30 09:36:19,861 - INFO -report.py : 148 :get_report - 正在写入用例执行情况
2019-01-30 09:38:41,783 - INFO -parseExc.py : 22 :__init__ - 用例路径：E:\project\ApiTest\cases\case_exmple.xlsx
2019-01-30 09:38:41,784 - INFO -newRun.py : 315 :runAll - 共获取3条用例
2019-01-30 09:38:41,791 - INFO -newRun.py : 329 :runAll - 正在执行caseId=3的用例
2019-01-30 09:38:41,827 - INFO -newRun.py : 108 :excute_case - 此次接口请求的header信息为--->None
2019-01-30 09:38:41,827 - INFO -newRun.py : 110 :excute_case - 关联接口-------->[]
2019-01-30 09:38:42,025 - INFO -newRun.py : 136 :excute_case - headers信息写入配置文件成功--->01b118d937c34427a0f52e83f5c758e6
2019-01-30 09:38:42,027 - INFO -newRun.py : 329 :runAll - 正在执行caseId=4的用例
2019-01-30 09:38:42,028 - INFO -newRun.py : 108 :excute_case - 此次接口请求的header信息为--->{'Accept': '*/*', 'Content-Type': 'application/json;charset=utf-8', 'cookie': 'DIS4=01b118d937c34427a0f52e83f5c758e6'}
2019-01-30 09:38:42,028 - INFO -newRun.py : 110 :excute_case - 关联接口-------->[]
2019-01-30 09:38:42,153 - INFO -newRun.py : 329 :runAll - 正在执行caseId=5的用例
2019-01-30 09:38:42,154 - INFO -newRun.py : 108 :excute_case - 此次接口请求的header信息为--->{'Accept': '*/*', 'Content-Type': 'application/json;charset=utf-8', 'cookie': 'DIS4=01b118d937c34427a0f52e83f5c758e6'}
2019-01-30 09:38:42,154 - INFO -newRun.py : 110 :excute_case - 关联接口-------->[]
2019-01-30 09:38:42,262 - INFO -newRun.py : 381 :runAll - 本次测试执行完毕，共耗时0.48秒，共执行用例：3条，成功：0条，失败：0条，阻塞：3条
2019-01-30 09:38:42,264 - INFO -report.py : 148 :get_report - 正在写入用例执行情况
2019-01-30 09:38:55,721 - INFO -parseExc.py : 22 :__init__ - 用例路径：E:\project\ApiTest\cases\case_exmple.xlsx
2019-01-30 09:38:55,722 - INFO -newRun.py : 315 :runAll - 共获取3条用例
2019-01-30 09:38:55,793 - INFO -newRun.py : 329 :runAll - 正在执行caseId=3的用例
2019-01-30 09:38:55,811 - INFO -newRun.py : 108 :excute_case - 此次接口请求的header信息为--->None
2019-01-30 09:38:55,811 - INFO -newRun.py : 110 :excute_case - 关联接口-------->[]
2019-01-30 09:38:55,958 - INFO -newRun.py : 136 :excute_case - headers信息写入配置文件成功--->77c036d191004f01a6ed29687ef5e918
2019-01-30 09:38:55,960 - INFO -newRun.py : 329 :runAll - 正在执行caseId=4的用例
2019-01-30 09:38:55,961 - INFO -newRun.py : 108 :excute_case - 此次接口请求的header信息为--->{'Accept': '*/*', 'Content-Type': 'application/json;charset=utf-8', 'cookie': 'DIS4=77c036d191004f01a6ed29687ef5e918'}
2019-01-30 09:38:55,961 - INFO -newRun.py : 110 :excute_case - 关联接口-------->[]
2019-01-30 09:38:56,051 - INFO -newRun.py : 329 :runAll - 正在执行caseId=5的用例
2019-01-30 09:38:56,051 - INFO -newRun.py : 108 :excute_case - 此次接口请求的header信息为--->{'Accept': '*/*', 'Content-Type': 'application/json;charset=utf-8', 'cookie': 'DIS4=77c036d191004f01a6ed29687ef5e918'}
2019-01-30 09:38:56,051 - INFO -newRun.py : 110 :excute_case - 关联接口-------->[]
2019-01-30 09:38:56,140 - INFO -newRun.py : 381 :runAll - 本次测试执行完毕，共耗时0.42秒，共执行用例：3条，成功：0条，失败：0条，阻塞：3条
2019-01-30 09:38:56,141 - INFO -report.py : 148 :get_report - 正在写入用例执行情况
2019-01-30 09:39:28,170 - INFO -parseExc.py : 22 :__init__ - 用例路径：E:\project\ApiTest\cases\case_exmple.xlsx
2019-01-30 09:39:28,170 - INFO -newRun.py : 314 :runAll - 共获取3条用例
2019-01-30 09:39:28,179 - INFO -newRun.py : 328 :runAll - 正在执行caseId=3的用例
2019-01-30 09:39:28,300 - INFO -newRun.py : 107 :excute_case - 此次接口请求的header信息为--->None
2019-01-30 09:39:28,300 - INFO -newRun.py : 109 :excute_case - 关联接口-------->[]
2019-01-30 09:39:28,453 - INFO -newRun.py : 132 :excute_case - headers信息写入配置文件成功--->8ab52af9951c4215ae1738d8b0bd5daa
2019-01-30 09:39:28,455 - INFO -newRun.py : 328 :runAll - 正在执行caseId=4的用例
2019-01-30 09:39:28,455 - INFO -newRun.py : 107 :excute_case - 此次接口请求的header信息为--->{'Accept': '*/*', 'Content-Type': 'application/json;charset=utf-8', 'cookie': 'DIS4=8ab52af9951c4215ae1738d8b0bd5daa'}
2019-01-30 09:39:28,455 - INFO -newRun.py : 109 :excute_case - 关联接口-------->[]
2019-01-30 09:39:28,612 - INFO -newRun.py : 328 :runAll - 正在执行caseId=5的用例
2019-01-30 09:39:28,612 - INFO -newRun.py : 107 :excute_case - 此次接口请求的header信息为--->{'Accept': '*/*', 'Content-Type': 'application/json;charset=utf-8', 'cookie': 'DIS4=8ab52af9951c4215ae1738d8b0bd5daa'}
2019-01-30 09:39:28,612 - INFO -newRun.py : 109 :excute_case - 关联接口-------->[]
2019-01-30 09:39:28,691 - INFO -newRun.py : 380 :runAll - 本次测试执行完毕，共耗时0.52秒，共执行用例：3条，成功：0条，失败：0条，阻塞：3条
2019-01-30 09:39:28,692 - INFO -report.py : 148 :get_report - 正在写入用例执行情况
2019-01-30 09:40:04,732 - INFO -parseExc.py : 22 :__init__ - 用例路径：E:\project\ApiTest\cases\case_exmple.xlsx
2019-01-30 09:40:04,732 - INFO -newRun.py : 314 :runAll - 共获取3条用例
2019-01-30 09:40:04,737 - INFO -newRun.py : 328 :runAll - 正在执行caseId=3的用例
2019-01-30 09:40:04,812 - INFO -newRun.py : 107 :excute_case - 此次接口请求的header信息为--->None
2019-01-30 09:40:04,812 - INFO -newRun.py : 109 :excute_case - 关联接口-------->[]
2019-01-30 09:40:04,977 - INFO -newRun.py : 132 :excute_case - headers信息写入配置文件成功--->4fde3f5dfdce4029b10270718016a89b
2019-01-30 09:40:04,979 - INFO -newRun.py : 328 :runAll - 正在执行caseId=4的用例
2019-01-30 09:40:04,980 - INFO -newRun.py : 107 :excute_case - 此次接口请求的header信息为--->{'Accept': '*/*', 'Content-Type': 'application/json;charset=utf-8', 'cookie': 'DIS4=4fde3f5dfdce4029b10270718016a89b'}
2019-01-30 09:40:04,980 - INFO -newRun.py : 109 :excute_case - 关联接口-------->[]
2019-01-30 09:40:05,141 - INFO -newRun.py : 328 :runAll - 正在执行caseId=5的用例
2019-01-30 09:40:05,142 - INFO -newRun.py : 107 :excute_case - 此次接口请求的header信息为--->{'Accept': '*/*', 'Content-Type': 'application/json;charset=utf-8', 'cookie': 'DIS4=4fde3f5dfdce4029b10270718016a89b'}
2019-01-30 09:40:05,142 - INFO -newRun.py : 109 :excute_case - 关联接口-------->[]
2019-01-30 09:40:05,299 - INFO -newRun.py : 380 :runAll - 本次测试执行完毕，共耗时0.56秒，共执行用例：3条，成功：1条，失败：0条，阻塞：2条
2019-01-30 09:40:05,303 - INFO -report.py : 148 :get_report - 正在写入用例执行情况
2019-01-30 09:40:05,304 - ERROR -newRun.py : 386 :runAll - E:\project\ApiTest\report\20190130接口自动化测试报告.xls文件没有关闭
2019-01-30 09:40:14,821 - INFO -parseExc.py : 22 :__init__ - 用例路径：E:\project\ApiTest\cases\case_exmple.xlsx
2019-01-30 09:40:14,821 - INFO -newRun.py : 314 :runAll - 共获取3条用例
2019-01-30 09:40:14,829 - INFO -newRun.py : 328 :runAll - 正在执行caseId=3的用例
2019-01-30 09:40:14,911 - INFO -newRun.py : 107 :excute_case - 此次接口请求的header信息为--->None
2019-01-30 09:40:14,911 - INFO -newRun.py : 109 :excute_case - 关联接口-------->[]
2019-01-30 09:40:15,078 - INFO -newRun.py : 132 :excute_case - headers信息写入配置文件成功--->502e750c4363404f8968a82cc744f368
2019-01-30 09:40:15,080 - INFO -newRun.py : 328 :runAll - 正在执行caseId=4的用例
2019-01-30 09:40:15,081 - INFO -newRun.py : 107 :excute_case - 此次接口请求的header信息为--->{'Accept': '*/*', 'Content-Type': 'application/json;charset=utf-8', 'cookie': 'DIS4=502e750c4363404f8968a82cc744f368'}
2019-01-30 09:40:15,081 - INFO -newRun.py : 109 :excute_case - 关联接口-------->[]
2019-01-30 09:40:15,242 - INFO -newRun.py : 328 :runAll - 正在执行caseId=5的用例
2019-01-30 09:40:15,243 - INFO -newRun.py : 107 :excute_case - 此次接口请求的header信息为--->{'Accept': '*/*', 'Content-Type': 'application/json;charset=utf-8', 'cookie': 'DIS4=502e750c4363404f8968a82cc744f368'}
2019-01-30 09:40:15,243 - INFO -newRun.py : 109 :excute_case - 关联接口-------->[]
2019-01-30 09:40:15,398 - INFO -newRun.py : 380 :runAll - 本次测试执行完毕，共耗时0.57秒，共执行用例：3条，成功：1条，失败：0条，阻塞：2条
2019-01-30 09:40:15,400 - INFO -report.py : 148 :get_report - 正在写入用例执行情况
2019-01-30 09:40:15,401 - ERROR -newRun.py : 386 :runAll - E:\project\ApiTest\report\20190130接口自动化测试报告.xls文件没有关闭
2019-01-30 09:40:44,512 - INFO -parseExc.py : 22 :__init__ - 用例路径：E:\project\ApiTest\cases\case_exmple.xlsx
2019-01-30 09:40:44,512 - INFO -newRun.py : 314 :runAll - 共获取3条用例
2019-01-30 09:40:44,520 - INFO -newRun.py : 328 :runAll - 正在执行caseId=3的用例
2019-01-30 09:40:44,631 - INFO -newRun.py : 107 :excute_case - 此次接口请求的header信息为--->None
2019-01-30 09:40:44,631 - INFO -newRun.py : 109 :excute_case - 关联接口-------->[]
2019-01-30 09:40:44,756 - INFO -newRun.py : 132 :excute_case - headers信息写入配置文件成功--->4ba804bf88f243e49a905b5bd315f943
2019-01-30 09:40:44,758 - INFO -newRun.py : 328 :runAll - 正在执行caseId=4的用例
2019-01-30 09:40:44,758 - INFO -newRun.py : 107 :excute_case - 此次接口请求的header信息为--->{'Accept': '*/*', 'Content-Type': 'application/json;charset=utf-8', 'cookie': 'DIS4=4ba804bf88f243e49a905b5bd315f943'}
2019-01-30 09:40:44,758 - INFO -newRun.py : 109 :excute_case - 关联接口-------->[]
2019-01-30 09:40:44,854 - INFO -newRun.py : 328 :runAll - 正在执行caseId=5的用例
2019-01-30 09:40:44,854 - INFO -newRun.py : 107 :excute_case - 此次接口请求的header信息为--->{'Accept': '*/*', 'Content-Type': 'application/json;charset=utf-8', 'cookie': 'DIS4=4ba804bf88f243e49a905b5bd315f943'}
2019-01-30 09:40:44,855 - INFO -newRun.py : 109 :excute_case - 关联接口-------->[]
2019-01-30 09:40:44,947 - INFO -newRun.py : 380 :runAll - 本次测试执行完毕，共耗时0.43秒，共执行用例：3条，成功：1条，失败：0条，阻塞：2条
2019-01-30 09:40:44,949 - INFO -report.py : 148 :get_report - 正在写入用例执行情况
2019-01-30 09:41:20,122 - INFO -parseExc.py : 22 :__init__ - 用例路径：E:\project\ApiTest\cases\case_exmple.xlsx
2019-01-30 09:41:20,123 - INFO -newRun.py : 314 :runAll - 共获取3条用例
2019-01-30 09:41:20,128 - INFO -newRun.py : 328 :runAll - 正在执行caseId=3的用例
2019-01-30 09:41:20,255 - INFO -newRun.py : 107 :excute_case - 此次接口请求的header信息为--->None
2019-01-30 09:41:20,255 - INFO -newRun.py : 109 :excute_case - 关联接口-------->[]
2019-01-30 09:41:20,348 - INFO -newRun.py : 132 :excute_case - headers信息写入配置文件成功--->0f4b210830ae4c8682f050b1e3464521
2019-01-30 09:41:20,350 - INFO -newRun.py : 328 :runAll - 正在执行caseId=4的用例
2019-01-30 09:41:20,350 - INFO -newRun.py : 107 :excute_case - 此次接口请求的header信息为--->{'Accept': '*/*', 'Content-Type': 'application/json;charset=utf-8', 'cookie': 'DIS4=0f4b210830ae4c8682f050b1e3464521'}
2019-01-30 09:41:20,350 - INFO -newRun.py : 109 :excute_case - 关联接口-------->[]
2019-01-30 09:41:20,524 - INFO -newRun.py : 328 :runAll - 正在执行caseId=5的用例
2019-01-30 09:41:20,525 - INFO -newRun.py : 107 :excute_case - 此次接口请求的header信息为--->{'Accept': '*/*', 'Content-Type': 'application/json;charset=utf-8', 'cookie': 'DIS4=0f4b210830ae4c8682f050b1e3464521'}
2019-01-30 09:41:20,525 - INFO -newRun.py : 109 :excute_case - 关联接口-------->[]
2019-01-30 09:41:20,677 - INFO -newRun.py : 380 :runAll - 本次测试执行完毕，共耗时0.55秒，共执行用例：3条，成功：1条，失败：0条，阻塞：2条
2019-01-30 09:41:20,678 - INFO -report.py : 148 :get_report - 正在写入用例执行情况
2019-01-30 09:41:44,489 - INFO -parseExc.py : 22 :__init__ - 用例路径：E:\project\ApiTest\cases\case_exmple.xlsx
2019-01-30 09:41:44,490 - INFO -newRun.py : 314 :runAll - 共获取3条用例
2019-01-30 09:41:44,497 - INFO -newRun.py : 328 :runAll - 正在执行caseId=3的用例
2019-01-30 09:41:44,705 - INFO -newRun.py : 107 :excute_case - 此次接口请求的header信息为--->None
2019-01-30 09:41:44,705 - INFO -newRun.py : 109 :excute_case - 关联接口-------->[]
2019-01-30 09:41:44,901 - INFO -newRun.py : 132 :excute_case - headers信息写入配置文件成功--->08d5896fee0d4af08f4a70206bced90a
2019-01-30 09:41:44,904 - INFO -newRun.py : 328 :runAll - 正在执行caseId=4的用例
2019-01-30 09:41:44,905 - INFO -newRun.py : 107 :excute_case - 此次接口请求的header信息为--->{'Accept': '*/*', 'Content-Type': 'application/json;charset=utf-8', 'cookie': 'DIS4=08d5896fee0d4af08f4a70206bced90a'}
2019-01-30 09:41:44,905 - INFO -newRun.py : 109 :excute_case - 关联接口-------->[]
2019-01-30 09:41:45,116 - INFO -newRun.py : 328 :runAll - 正在执行caseId=5的用例
2019-01-30 09:41:45,117 - INFO -newRun.py : 107 :excute_case - 此次接口请求的header信息为--->{'Accept': '*/*', 'Content-Type': 'application/json;charset=utf-8', 'cookie': 'DIS4=08d5896fee0d4af08f4a70206bced90a'}
2019-01-30 09:41:45,117 - INFO -newRun.py : 109 :excute_case - 关联接口-------->[]
2019-01-30 09:41:45,265 - INFO -newRun.py : 380 :runAll - 本次测试执行完毕，共耗时0.77秒，共执行用例：3条，成功：0条，失败：0条，阻塞：3条
2019-01-30 09:41:45,269 - INFO -report.py : 148 :get_report - 正在写入用例执行情况
2019-01-30 09:41:50,640 - INFO -parseExc.py : 22 :__init__ - 用例路径：E:\project\ApiTest\cases\case_exmple.xlsx
2019-01-30 09:41:50,640 - INFO -newRun.py : 314 :runAll - 共获取3条用例
2019-01-30 09:41:50,647 - INFO -newRun.py : 328 :runAll - 正在执行caseId=3的用例
2019-01-30 09:41:50,725 - INFO -newRun.py : 107 :excute_case - 此次接口请求的header信息为--->None
2019-01-30 09:41:50,726 - INFO -newRun.py : 109 :excute_case - 关联接口-------->[]
2019-01-30 09:41:50,879 - INFO -newRun.py : 132 :excute_case - headers信息写入配置文件成功--->610c9647b6ed4a6bbed9dda25e9cb971
2019-01-30 09:41:50,881 - INFO -newRun.py : 328 :runAll - 正在执行caseId=4的用例
2019-01-30 09:41:50,882 - INFO -newRun.py : 107 :excute_case - 此次接口请求的header信息为--->{'Accept': '*/*', 'Content-Type': 'application/json;charset=utf-8', 'cookie': 'DIS4=610c9647b6ed4a6bbed9dda25e9cb971'}
2019-01-30 09:41:50,882 - INFO -newRun.py : 109 :excute_case - 关联接口-------->[]
2019-01-30 09:41:51,065 - INFO -newRun.py : 328 :runAll - 正在执行caseId=5的用例
2019-01-30 09:41:51,066 - INFO -newRun.py : 107 :excute_case - 此次接口请求的header信息为--->{'Accept': '*/*', 'Content-Type': 'application/json;charset=utf-8', 'cookie': 'DIS4=610c9647b6ed4a6bbed9dda25e9cb971'}
2019-01-30 09:41:51,066 - INFO -newRun.py : 109 :excute_case - 关联接口-------->[]
2019-01-30 09:41:51,219 - INFO -newRun.py : 380 :runAll - 本次测试执行完毕，共耗时0.58秒，共执行用例：3条，成功：1条，失败：0条，阻塞：2条
2019-01-30 09:41:51,221 - INFO -report.py : 148 :get_report - 正在写入用例执行情况
2019-01-30 09:44:16,723 - INFO -parseExc.py : 22 :__init__ - 用例路径：E:\project\ApiTest\cases\case_exmple.xlsx
2019-01-30 09:44:16,723 - INFO -newRun.py : 314 :runAll - 共获取3条用例
2019-01-30 09:44:16,730 - INFO -newRun.py : 328 :runAll - 正在执行caseId=3的用例
2019-01-30 09:44:16,820 - INFO -newRun.py : 107 :excute_case - 此次接口请求的header信息为--->None
2019-01-30 09:44:16,820 - INFO -newRun.py : 109 :excute_case - 关联接口-------->[]
2019-01-30 09:44:16,991 - INFO -newRun.py : 132 :excute_case - headers信息写入配置文件成功--->130566bf64ea4296a24873a5a73f3795
2019-01-30 09:44:16,992 - INFO -newRun.py : 328 :runAll - 正在执行caseId=4的用例
2019-01-30 09:44:16,992 - INFO -newRun.py : 107 :excute_case - 此次接口请求的header信息为--->{'Accept': '*/*', 'Content-Type': 'application/json;charset=utf-8', 'cookie': 'DIS4=130566bf64ea4296a24873a5a73f3795'}
2019-01-30 09:44:16,993 - INFO -newRun.py : 109 :excute_case - 关联接口-------->[]
2019-01-30 09:44:17,150 - INFO -newRun.py : 328 :runAll - 正在执行caseId=5的用例
2019-01-30 09:44:17,151 - INFO -newRun.py : 107 :excute_case - 此次接口请求的header信息为--->{'Accept': '*/*', 'Content-Type': 'application/json;charset=utf-8', 'cookie': 'DIS4=130566bf64ea4296a24873a5a73f3795'}
2019-01-30 09:44:17,151 - INFO -newRun.py : 109 :excute_case - 关联接口-------->[]
2019-01-30 09:44:17,317 - INFO -newRun.py : 381 :runAll - 本次测试执行完毕，共耗时0.59秒，共执行用例：3条，成功：1条，失败：0条，阻塞：2条
2019-01-30 09:44:17,319 - INFO -report.py : 148 :get_report - 正在写入用例执行情况
2019-01-30 09:44:41,934 - INFO -parseExc.py : 22 :__init__ - 用例路径：E:\project\ApiTest\cases\case_exmple.xlsx
2019-01-30 09:44:41,934 - INFO -newRun.py : 314 :runAll - 共获取3条用例
2019-01-30 09:44:41,943 - INFO -newRun.py : 328 :runAll - 正在执行caseId=3的用例
2019-01-30 09:44:42,005 - INFO -newRun.py : 107 :excute_case - 此次接口请求的header信息为--->None
2019-01-30 09:44:42,005 - INFO -newRun.py : 109 :excute_case - 关联接口-------->[]
2019-01-30 09:44:42,161 - INFO -newRun.py : 132 :excute_case - headers信息写入配置文件成功--->10f31ec3be674461abcd5d219ce5f8ab
2019-01-30 09:44:42,164 - INFO -newRun.py : 328 :runAll - 正在执行caseId=4的用例
2019-01-30 09:44:42,165 - INFO -newRun.py : 107 :excute_case - 此次接口请求的header信息为--->{'Accept': '*/*', 'Content-Type': 'application/json;charset=utf-8', 'cookie': 'DIS4=10f31ec3be674461abcd5d219ce5f8ab'}
2019-01-30 09:44:42,165 - INFO -newRun.py : 109 :excute_case - 关联接口-------->[]
2019-01-30 09:44:42,304 - INFO -newRun.py : 328 :runAll - 正在执行caseId=5的用例
2019-01-30 09:44:42,305 - INFO -newRun.py : 107 :excute_case - 此次接口请求的header信息为--->{'Accept': '*/*', 'Content-Type': 'application/json;charset=utf-8', 'cookie': 'DIS4=10f31ec3be674461abcd5d219ce5f8ab'}
2019-01-30 09:44:42,305 - INFO -newRun.py : 109 :excute_case - 关联接口-------->[]
2019-01-30 09:44:42,487 - INFO -newRun.py : 381 :runAll - 本次测试执行完毕，共耗时0.55秒，共执行用例：3条，成功：0条，失败：0条，阻塞：3条
2019-01-30 09:44:42,490 - INFO -report.py : 148 :get_report - 正在写入用例执行情况
2019-01-30 09:45:26,019 - INFO -parseExc.py : 22 :__init__ - 用例路径：E:\project\ApiTest\cases\case_exmple.xlsx
2019-01-30 09:45:26,019 - INFO -newRun.py : 314 :runAll - 共获取1条用例
2019-01-30 09:45:26,022 - INFO -newRun.py : 328 :runAll - 正在执行caseId=3的用例
2019-01-30 09:45:26,160 - INFO -newRun.py : 107 :excute_case - 此次接口请求的header信息为--->None
2019-01-30 09:45:26,161 - INFO -newRun.py : 109 :excute_case - 关联接口-------->[]
2019-01-30 09:45:26,312 - INFO -newRun.py : 132 :excute_case - headers信息写入配置文件成功--->64cc8e0a257340618519c698822b86b0
2019-01-30 09:45:26,317 - INFO -newRun.py : 381 :runAll - 本次测试执行完毕，共耗时0.3秒，共执行用例：1条，成功：1条，失败：0条，阻塞：0条
2019-01-30 09:45:26,321 - INFO -report.py : 148 :get_report - 正在写入用例执行情况
2019-01-30 09:47:03,739 - INFO -parseExc.py : 22 :__init__ - 用例路径：E:\project\ApiTest\cases\case_exmple.xlsx
2019-01-30 09:47:03,740 - INFO -newRun.py : 314 :runAll - 共获取1条用例
2019-01-30 09:47:03,742 - INFO -newRun.py : 328 :runAll - 正在执行caseId=3的用例
2019-01-30 09:47:03,945 - INFO -newRun.py : 107 :excute_case - 此次接口请求的header信息为--->None
2019-01-30 09:47:03,946 - INFO -newRun.py : 109 :excute_case - 关联接口-------->[]
2019-01-30 09:47:04,152 - INFO -newRun.py : 132 :excute_case - headers信息写入配置文件成功--->b1be7748de4c44e8a3f687d6d86f5624
2019-01-30 09:47:04,161 - INFO -newRun.py : 381 :runAll - 本次测试执行完毕，共耗时0.42秒，共执行用例：1条，成功：1条，失败：0条，阻塞：0条
2019-01-30 09:47:04,167 - INFO -report.py : 148 :get_report - 正在写入用例执行情况
2019-01-30 09:49:42,604 - INFO -parseExc.py : 22 :__init__ - 用例路径：E:\project\ApiTest\cases\case_exmple.xlsx
2019-01-30 09:49:42,605 - INFO -newRun.py : 315 :runAll - 共获取1条用例
2019-01-30 09:49:42,607 - INFO -newRun.py : 329 :runAll - 正在执行caseId=3的用例
2019-01-30 09:49:42,863 - INFO -newRun.py : 107 :excute_case - 此次接口请求的header信息为--->None
2019-01-30 09:49:42,863 - INFO -newRun.py : 109 :excute_case - 关联接口-------->[]
2019-01-30 09:49:43,049 - INFO -newRun.py : 132 :excute_case - headers信息写入配置文件成功--->fc04abe23f704df5a2139bbee1455191
2019-01-30 09:49:43,055 - INFO -newRun.py : 382 :runAll - 本次测试执行完毕，共耗时0.45秒，共执行用例：1条，成功：1条，失败：0条，阻塞：0条
2019-01-30 09:49:43,058 - INFO -report.py : 148 :get_report - 正在写入用例执行情况
2019-01-30 09:50:35,738 - INFO -parseExc.py : 22 :__init__ - 用例路径：E:\project\ApiTest\cases\case_exmple.xlsx
2019-01-30 09:50:35,738 - INFO -newRun.py : 317 :runAll - 共获取1条用例
2019-01-30 09:50:35,741 - INFO -newRun.py : 331 :runAll - 正在执行caseId=3的用例
2019-01-30 09:50:35,863 - INFO -newRun.py : 107 :excute_case - 此次接口请求的header信息为--->None
2019-01-30 09:50:35,863 - INFO -newRun.py : 109 :excute_case - 关联接口-------->[]
2019-01-30 09:50:35,987 - INFO -newRun.py : 132 :excute_case - headers信息写入配置文件成功--->d91c918738e04f9eb95b1b6419227248
2019-01-30 09:50:35,991 - INFO -newRun.py : 384 :runAll - 本次测试执行完毕，共耗时0.25秒，共执行用例：1条，成功：1条，失败：0条，阻塞：0条
2019-01-30 09:50:35,994 - INFO -report.py : 148 :get_report - 正在写入用例执行情况
2019-01-30 09:51:04,030 - INFO -parseExc.py : 22 :__init__ - 用例路径：E:\project\ApiTest\cases\case_exmple.xlsx
2019-01-30 09:51:04,030 - INFO -newRun.py : 318 :runAll - 共获取1条用例
2019-01-30 09:51:04,034 - INFO -newRun.py : 332 :runAll - 正在执行caseId=3的用例
2019-01-30 09:51:04,195 - INFO -newRun.py : 107 :excute_case - 此次接口请求的header信息为--->None
2019-01-30 09:51:04,196 - INFO -newRun.py : 109 :excute_case - 关联接口-------->[]
2019-01-30 09:51:04,342 - INFO -newRun.py : 132 :excute_case - headers信息写入配置文件成功--->fd3592e31c05482d97c7bff9eefcfa6a
2019-01-30 09:51:04,344 - INFO -newRun.py : 385 :runAll - 本次测试执行完毕，共耗时0.31秒，共执行用例：1条，成功：1条，失败：0条，阻塞：0条
2019-01-30 09:51:04,345 - INFO -report.py : 148 :get_report - 正在写入用例执行情况
2019-01-30 09:51:45,772 - INFO -parseExc.py : 22 :__init__ - 用例路径：E:\project\ApiTest\cases\case_exmple.xlsx
2019-01-30 09:51:45,772 - INFO -newRun.py : 318 :runAll - 共获取1条用例
2019-01-30 09:51:45,774 - INFO -newRun.py : 332 :runAll - 正在执行caseId=3的用例
2019-01-30 09:51:45,842 - INFO -newRun.py : 107 :excute_case - 此次接口请求的header信息为--->None
2019-01-30 09:51:45,842 - INFO -newRun.py : 109 :excute_case - 关联接口-------->[]
2019-01-30 09:51:46,037 - INFO -newRun.py : 132 :excute_case - headers信息写入配置文件成功--->43db647796684f76b7719bd5e2853562
2019-01-30 09:51:46,040 - INFO -newRun.py : 385 :runAll - 本次测试执行完毕，共耗时0.27秒，共执行用例：1条，成功：1条，失败：0条，阻塞：0条
2019-01-30 09:51:46,041 - INFO -report.py : 148 :get_report - 正在写入用例执行情况
2019-01-30 09:52:10,568 - INFO -parseExc.py : 22 :__init__ - 用例路径：E:\project\ApiTest\cases\case_exmple.xlsx
2019-01-30 09:52:10,569 - INFO -newRun.py : 318 :runAll - 共获取1条用例
2019-01-30 09:52:10,571 - INFO -newRun.py : 332 :runAll - 正在执行caseId=3的用例
2019-01-30 09:52:10,622 - INFO -newRun.py : 107 :excute_case - 此次接口请求的header信息为--->None
2019-01-30 09:52:10,622 - INFO -newRun.py : 109 :excute_case - 关联接口-------->[]
2019-01-30 09:52:10,780 - INFO -newRun.py : 132 :excute_case - headers信息写入配置文件成功--->bff3e1fee2884e97a50d8a07447c779f
2019-01-30 09:52:10,783 - INFO -newRun.py : 385 :runAll - 本次测试执行完毕，共耗时0.21秒，共执行用例：1条，成功：1条，失败：0条，阻塞：0条
2019-01-30 09:52:10,784 - INFO -report.py : 148 :get_report - 正在写入用例执行情况
2019-01-30 09:52:34,347 - INFO -parseExc.py : 22 :__init__ - 用例路径：E:\project\ApiTest\cases\case_exmple.xlsx
2019-01-30 09:52:34,347 - INFO -newRun.py : 318 :runAll - 共获取1条用例
2019-01-30 09:52:34,350 - INFO -newRun.py : 332 :runAll - 正在执行caseId=3的用例
2019-01-30 09:52:34,403 - INFO -newRun.py : 107 :excute_case - 此次接口请求的header信息为--->None
2019-01-30 09:52:34,403 - INFO -newRun.py : 109 :excute_case - 关联接口-------->[]
2019-01-30 09:52:34,579 - INFO -newRun.py : 132 :excute_case - headers信息写入配置文件成功--->e2e1a2319f9a47659273d8e63c3b2e19
2019-01-30 09:52:34,583 - INFO -newRun.py : 385 :runAll - 本次测试执行完毕，共耗时0.23秒，共执行用例：1条，成功：1条，失败：0条，阻塞：0条
2019-01-30 09:52:34,585 - INFO -report.py : 148 :get_report - 正在写入用例执行情况
2019-01-30 09:53:20,011 - INFO -parseExc.py : 22 :__init__ - 用例路径：E:\project\ApiTest\cases\case_exmple.xlsx
2019-01-30 09:53:20,011 - INFO -newRun.py : 318 :runAll - 共获取1条用例
2019-01-30 09:53:20,014 - INFO -newRun.py : 332 :runAll - 正在执行caseId=3的用例
2019-01-30 09:53:20,184 - INFO -newRun.py : 107 :excute_case - 此次接口请求的header信息为--->None
2019-01-30 09:53:20,184 - INFO -newRun.py : 109 :excute_case - 关联接口-------->[]
2019-01-30 09:53:20,384 - INFO -newRun.py : 132 :excute_case - headers信息写入配置文件成功--->1351cb02a6da403b8e7d5d675306d1ab
2019-01-30 09:53:20,386 - ERROR -newRun.py : 275 :check - 'builtin_function_or_method' object is not iterable
2019-01-30 09:53:20,392 - INFO -newRun.py : 385 :runAll - 本次测试执行完毕，共耗时0.38秒，共执行用例：1条，成功：0条，失败：1条，阻塞：0条
2019-01-30 09:53:20,396 - INFO -report.py : 148 :get_report - 正在写入用例执行情况
2019-01-30 09:54:12,225 - INFO -parseExc.py : 22 :__init__ - 用例路径：E:\project\ApiTest\cases\case_exmple.xlsx
2019-01-30 09:54:12,226 - INFO -newRun.py : 319 :runAll - 共获取1条用例
2019-01-30 09:54:12,228 - INFO -newRun.py : 333 :runAll - 正在执行caseId=3的用例
2019-01-30 09:54:12,410 - INFO -newRun.py : 107 :excute_case - 此次接口请求的header信息为--->None
2019-01-30 09:54:12,411 - INFO -newRun.py : 109 :excute_case - 关联接口-------->[]
2019-01-30 09:54:12,562 - INFO -newRun.py : 132 :excute_case - headers信息写入配置文件成功--->9a562eb97f0943feb7604e754b08d2e7
2019-01-30 09:54:12,563 - ERROR -newRun.py : 276 :check - 'builtin_function_or_method' object is not iterable
2019-01-30 09:54:12,565 - INFO -newRun.py : 386 :runAll - 本次测试执行完毕，共耗时0.34秒，共执行用例：1条，成功：0条，失败：1条，阻塞：0条
2019-01-30 09:54:12,566 - INFO -report.py : 148 :get_report - 正在写入用例执行情况
2019-01-30 09:54:18,117 - INFO -parseExc.py : 22 :__init__ - 用例路径：E:\project\ApiTest\cases\case_exmple.xlsx
2019-01-30 09:54:18,117 - INFO -newRun.py : 319 :runAll - 共获取1条用例
2019-01-30 09:54:18,120 - INFO -newRun.py : 333 :runAll - 正在执行caseId=3的用例
2019-01-30 09:54:18,186 - INFO -newRun.py : 107 :excute_case - 此次接口请求的header信息为--->None
2019-01-30 09:54:18,187 - INFO -newRun.py : 109 :excute_case - 关联接口-------->[]
2019-01-30 09:54:18,333 - INFO -newRun.py : 132 :excute_case - headers信息写入配置文件成功--->11aefe0b6a05437babd0d088a20164eb
2019-01-30 09:54:18,334 - ERROR -newRun.py : 276 :check - 'builtin_function_or_method' object is not iterable
2019-01-30 09:54:18,337 - INFO -newRun.py : 386 :runAll - 本次测试执行完毕，共耗时0.22秒，共执行用例：1条，成功：0条，失败：1条，阻塞：0条
2019-01-30 09:54:18,339 - INFO -report.py : 148 :get_report - 正在写入用例执行情况
2019-01-30 09:54:44,474 - INFO -parseExc.py : 22 :__init__ - 用例路径：E:\project\ApiTest\cases\case_exmple.xlsx
2019-01-30 09:54:44,474 - INFO -newRun.py : 319 :runAll - 共获取1条用例
2019-01-30 09:54:44,477 - INFO -newRun.py : 333 :runAll - 正在执行caseId=3的用例
2019-01-30 09:54:44,545 - INFO -newRun.py : 107 :excute_case - 此次接口请求的header信息为--->None
2019-01-30 09:54:44,545 - INFO -newRun.py : 109 :excute_case - 关联接口-------->[]
2019-01-30 09:54:44,692 - INFO -newRun.py : 132 :excute_case - headers信息写入配置文件成功--->2bb1d9b268994cf095c057cda430f580
2019-01-30 09:54:44,692 - ERROR -newRun.py : 276 :check - 'builtin_function_or_method' object is not iterable
2019-01-30 09:54:44,697 - INFO -newRun.py : 386 :runAll - 本次测试执行完毕，共耗时0.22秒，共执行用例：1条，成功：0条，失败：1条，阻塞：0条
2019-01-30 09:54:44,701 - INFO -report.py : 148 :get_report - 正在写入用例执行情况
2019-01-30 09:55:15,677 - INFO -parseExc.py : 22 :__init__ - 用例路径：E:\project\ApiTest\cases\case_exmple.xlsx
2019-01-30 09:55:15,678 - INFO -newRun.py : 319 :runAll - 共获取1条用例
2019-01-30 09:55:15,680 - INFO -newRun.py : 333 :runAll - 正在执行caseId=3的用例
2019-01-30 09:55:15,796 - INFO -newRun.py : 107 :excute_case - 此次接口请求的header信息为--->None
2019-01-30 09:55:15,797 - INFO -newRun.py : 109 :excute_case - 关联接口-------->[]
2019-01-30 09:55:15,932 - INFO -newRun.py : 132 :excute_case - headers信息写入配置文件成功--->cb0fbca3882c48c3816f20479ffafa27
2019-01-30 09:55:15,938 - INFO -newRun.py : 386 :runAll - 本次测试执行完毕，共耗时0.26秒，共执行用例：1条，成功：0条，失败：1条，阻塞：0条
2019-01-30 09:55:15,941 - INFO -report.py : 148 :get_report - 正在写入用例执行情况
2019-01-30 09:55:31,601 - INFO -parseExc.py : 22 :__init__ - 用例路径：E:\project\ApiTest\cases\case_exmple.xlsx
2019-01-30 09:55:31,602 - INFO -newRun.py : 319 :runAll - 共获取1条用例
2019-01-30 09:55:31,605 - INFO -newRun.py : 333 :runAll - 正在执行caseId=3的用例
2019-01-30 09:55:31,687 - INFO -newRun.py : 107 :excute_case - 此次接口请求的header信息为--->None
2019-01-30 09:55:31,688 - INFO -newRun.py : 109 :excute_case - 关联接口-------->[]
2019-01-30 09:55:31,840 - INFO -newRun.py : 132 :excute_case - headers信息写入配置文件成功--->4d396a57922d4ec490518a70320b19c5
2019-01-30 09:55:31,845 - INFO -newRun.py : 386 :runAll - 本次测试执行完毕，共耗时0.24秒，共执行用例：1条，成功：0条，失败：1条，阻塞：0条
2019-01-30 09:55:31,849 - INFO -report.py : 148 :get_report - 正在写入用例执行情况
2019-01-30 09:56:07,384 - INFO -parseExc.py : 22 :__init__ - 用例路径：E:\project\ApiTest\cases\case_exmple.xlsx
2019-01-30 09:56:07,385 - INFO -newRun.py : 319 :runAll - 共获取1条用例
2019-01-30 09:56:07,389 - INFO -newRun.py : 333 :runAll - 正在执行caseId=3的用例
2019-01-30 09:56:07,491 - INFO -newRun.py : 107 :excute_case - 此次接口请求的header信息为--->None
2019-01-30 09:56:07,491 - INFO -newRun.py : 109 :excute_case - 关联接口-------->[]
2019-01-30 09:56:07,633 - INFO -newRun.py : 132 :excute_case - headers信息写入配置文件成功--->e2dcc956cb8a44bcae917d39f7641d2e
2019-01-30 09:56:07,634 - ERROR -newRun.py : 276 :check - 'builtin_function_or_method' object is not iterable
2019-01-30 09:56:07,645 - INFO -newRun.py : 386 :runAll - 本次测试执行完毕，共耗时0.26秒，共执行用例：1条，成功：0条，失败：1条，阻塞：0条
2019-01-30 09:56:07,646 - INFO -report.py : 148 :get_report - 正在写入用例执行情况
2019-01-30 09:57:07,234 - INFO -parseExc.py : 22 :__init__ - 用例路径：E:\project\ApiTest\cases\case_exmple.xlsx
2019-01-30 09:57:07,235 - INFO -newRun.py : 320 :runAll - 共获取1条用例
2019-01-30 09:57:07,236 - INFO -newRun.py : 334 :runAll - 正在执行caseId=3的用例
2019-01-30 09:57:07,286 - INFO -newRun.py : 107 :excute_case - 此次接口请求的header信息为--->None
2019-01-30 09:57:07,286 - INFO -newRun.py : 109 :excute_case - 关联接口-------->[]
2019-01-30 09:57:07,437 - INFO -newRun.py : 132 :excute_case - headers信息写入配置文件成功--->86599edf291c4c38a1d60ee304ca6b65
2019-01-30 09:57:07,438 - ERROR -newRun.py : 277 :check - 'builtin_function_or_method' object is not iterable
2019-01-30 09:57:07,443 - INFO -newRun.py : 387 :runAll - 本次测试执行完毕，共耗时0.21秒，共执行用例：1条，成功：0条，失败：1条，阻塞：0条
2019-01-30 09:57:07,447 - INFO -report.py : 148 :get_report - 正在写入用例执行情况
2019-01-30 09:57:17,051 - INFO -parseExc.py : 22 :__init__ - 用例路径：E:\project\ApiTest\cases\case_exmple.xlsx
2019-01-30 09:57:17,051 - INFO -newRun.py : 320 :runAll - 共获取1条用例
2019-01-30 09:57:17,055 - INFO -newRun.py : 334 :runAll - 正在执行caseId=3的用例
2019-01-30 09:57:17,125 - INFO -newRun.py : 107 :excute_case - 此次接口请求的header信息为--->None
2019-01-30 09:57:17,125 - INFO -newRun.py : 109 :excute_case - 关联接口-------->[]
2019-01-30 09:57:17,304 - INFO -newRun.py : 132 :excute_case - headers信息写入配置文件成功--->b028fda044534bf98ad2526ee63d4e61
2019-01-30 09:57:17,304 - ERROR -newRun.py : 277 :check - 'builtin_function_or_method' object is not iterable
2019-01-30 09:57:17,307 - INFO -newRun.py : 387 :runAll - 本次测试执行完毕，共耗时0.25秒，共执行用例：1条，成功：0条，失败：1条，阻塞：0条
2019-01-30 09:57:17,308 - INFO -report.py : 148 :get_report - 正在写入用例执行情况
2019-01-30 09:57:39,048 - INFO -parseExc.py : 22 :__init__ - 用例路径：E:\project\ApiTest\cases\case_exmple.xlsx
2019-01-30 09:57:39,049 - INFO -newRun.py : 321 :runAll - 共获取1条用例
2019-01-30 09:57:39,051 - INFO -newRun.py : 335 :runAll - 正在执行caseId=3的用例
2019-01-30 09:57:39,169 - INFO -newRun.py : 107 :excute_case - 此次接口请求的header信息为--->None
2019-01-30 09:57:39,170 - INFO -newRun.py : 109 :excute_case - 关联接口-------->[]
2019-01-30 09:57:39,311 - INFO -newRun.py : 132 :excute_case - headers信息写入配置文件成功--->6d4d56dc79404aacb933e55f0679b4f1
2019-01-30 09:57:39,312 - ERROR -newRun.py : 278 :check - 'builtin_function_or_method' object is not iterable
2019-01-30 09:57:39,316 - INFO -newRun.py : 388 :runAll - 本次测试执行完毕，共耗时0.27秒，共执行用例：1条，成功：0条，失败：1条，阻塞：0条
2019-01-30 09:57:39,317 - INFO -report.py : 148 :get_report - 正在写入用例执行情况
2019-01-30 09:57:52,585 - INFO -parseExc.py : 22 :__init__ - 用例路径：E:\project\ApiTest\cases\case_exmple.xlsx
2019-01-30 09:57:52,585 - INFO -newRun.py : 321 :runAll - 共获取1条用例
2019-01-30 09:57:52,587 - INFO -newRun.py : 335 :runAll - 正在执行caseId=3的用例
2019-01-30 09:57:52,740 - INFO -newRun.py : 107 :excute_case - 此次接口请求的header信息为--->None
2019-01-30 09:57:52,740 - INFO -newRun.py : 109 :excute_case - 关联接口-------->[]
2019-01-30 09:57:52,913 - INFO -newRun.py : 132 :excute_case - headers信息写入配置文件成功--->aa8d3a3eaf974674b414bc1a74e0f0c9
2019-01-30 09:57:52,913 - ERROR -newRun.py : 278 :check - 'builtin_function_or_method' object is not iterable
2019-01-30 09:57:52,917 - INFO -newRun.py : 388 :runAll - 本次测试执行完毕，共耗时0.33秒，共执行用例：1条，成功：0条，失败：1条，阻塞：0条
2019-01-30 09:57:52,918 - INFO -report.py : 148 :get_report - 正在写入用例执行情况
2019-01-30 09:58:36,748 - INFO -parseExc.py : 22 :__init__ - 用例路径：E:\project\ApiTest\cases\case_exmple.xlsx
2019-01-30 09:58:36,748 - INFO -newRun.py : 321 :runAll - 共获取1条用例
2019-01-30 09:58:36,751 - INFO -newRun.py : 335 :runAll - 正在执行caseId=3的用例
2019-01-30 09:58:36,919 - INFO -newRun.py : 107 :excute_case - 此次接口请求的header信息为--->None
2019-01-30 09:58:36,920 - INFO -newRun.py : 109 :excute_case - 关联接口-------->[]
2019-01-30 09:58:37,094 - INFO -newRun.py : 132 :excute_case - headers信息写入配置文件成功--->18cd1836564044c0b3f576a8fe7de7c1
2019-01-30 09:58:37,095 - ERROR -newRun.py : 278 :check - 'builtin_function_or_method' object is not iterable
2019-01-30 09:58:37,097 - INFO -newRun.py : 388 :runAll - 本次测试执行完毕，共耗时0.35秒，共执行用例：1条，成功：0条，失败：1条，阻塞：0条
2019-01-30 09:58:37,099 - INFO -report.py : 148 :get_report - 正在写入用例执行情况
2019-01-30 09:58:51,794 - INFO -parseExc.py : 22 :__init__ - 用例路径：E:\project\ApiTest\cases\case_exmple.xlsx
2019-01-30 09:58:51,794 - INFO -newRun.py : 322 :runAll - 共获取1条用例
2019-01-30 09:58:51,797 - INFO -newRun.py : 336 :runAll - 正在执行caseId=3的用例
2019-01-30 09:58:51,905 - INFO -newRun.py : 107 :excute_case - 此次接口请求的header信息为--->None
2019-01-30 09:58:51,905 - INFO -newRun.py : 109 :excute_case - 关联接口-------->[]
2019-01-30 09:58:52,052 - INFO -newRun.py : 132 :excute_case - headers信息写入配置文件成功--->6ff5f8ff6b574925888fa61930aae609
2019-01-30 09:58:52,052 - ERROR -newRun.py : 279 :check - 'builtin_function_or_method' object is not iterable
2019-01-30 09:58:52,054 - INFO -newRun.py : 389 :runAll - 本次测试执行完毕，共耗时0.26秒，共执行用例：1条，成功：0条，失败：1条，阻塞：0条
2019-01-30 09:58:52,055 - INFO -report.py : 148 :get_report - 正在写入用例执行情况
2019-01-30 09:59:07,152 - INFO -parseExc.py : 22 :__init__ - 用例路径：E:\project\ApiTest\cases\case_exmple.xlsx
2019-01-30 09:59:07,153 - INFO -newRun.py : 321 :runAll - 共获取1条用例
2019-01-30 09:59:07,155 - INFO -newRun.py : 335 :runAll - 正在执行caseId=3的用例
2019-01-30 09:59:07,317 - INFO -newRun.py : 107 :excute_case - 此次接口请求的header信息为--->None
2019-01-30 09:59:07,317 - INFO -newRun.py : 109 :excute_case - 关联接口-------->[]
2019-01-30 09:59:07,500 - INFO -newRun.py : 132 :excute_case - headers信息写入配置文件成功--->bcfb0903825f41eea446abcc52f85d0e
2019-01-30 09:59:07,501 - ERROR -newRun.py : 278 :check - 'builtin_function_or_method' object is not iterable
2019-01-30 09:59:07,503 - INFO -newRun.py : 388 :runAll - 本次测试执行完毕，共耗时0.35秒，共执行用例：1条，成功：0条，失败：1条，阻塞：0条
2019-01-30 09:59:07,504 - INFO -report.py : 148 :get_report - 正在写入用例执行情况
2019-01-30 09:59:44,414 - INFO -parseExc.py : 22 :__init__ - 用例路径：E:\project\ApiTest\cases\case_exmple.xlsx
2019-01-30 09:59:44,414 - INFO -newRun.py : 321 :runAll - 共获取1条用例
2019-01-30 09:59:44,416 - INFO -newRun.py : 335 :runAll - 正在执行caseId=3的用例
2019-01-30 09:59:44,507 - INFO -newRun.py : 107 :excute_case - 此次接口请求的header信息为--->None
2019-01-30 09:59:44,507 - INFO -newRun.py : 109 :excute_case - 关联接口-------->[]
2019-01-30 09:59:44,629 - INFO -newRun.py : 132 :excute_case - headers信息写入配置文件成功--->90d8f4be993b402bb4ece9d508c5e6c8
2019-01-30 09:59:44,630 - ERROR -newRun.py : 278 :check - 'builtin_function_or_method' object is not iterable
2019-01-30 09:59:44,633 - INFO -newRun.py : 388 :runAll - 本次测试执行完毕，共耗时0.22秒，共执行用例：1条，成功：0条，失败：1条，阻塞：0条
2019-01-30 09:59:44,636 - INFO -report.py : 148 :get_report - 正在写入用例执行情况
2019-01-30 09:59:51,849 - INFO -parseExc.py : 22 :__init__ - 用例路径：E:\project\ApiTest\cases\case_exmple.xlsx
2019-01-30 09:59:51,850 - INFO -newRun.py : 322 :runAll - 共获取1条用例
2019-01-30 09:59:51,851 - INFO -newRun.py : 336 :runAll - 正在执行caseId=3的用例
2019-01-30 09:59:51,904 - INFO -newRun.py : 107 :excute_case - 此次接口请求的header信息为--->None
2019-01-30 09:59:51,904 - INFO -newRun.py : 109 :excute_case - 关联接口-------->[]
2019-01-30 09:59:52,049 - INFO -newRun.py : 132 :excute_case - headers信息写入配置文件成功--->dadd291e96cd4b2fa6d54db784f1cdf6
2019-01-30 09:59:52,050 - ERROR -newRun.py : 279 :check - 'builtin_function_or_method' object is not iterable
2019-01-30 09:59:52,056 - INFO -newRun.py : 389 :runAll - 本次测试执行完毕，共耗时0.2秒，共执行用例：1条，成功：0条，失败：1条，阻塞：0条
2019-01-30 09:59:52,061 - INFO -report.py : 148 :get_report - 正在写入用例执行情况
2019-01-30 10:00:29,415 - INFO -parseExc.py : 22 :__init__ - 用例路径：E:\project\ApiTest\cases\case_exmple.xlsx
2019-01-30 10:00:29,416 - INFO -newRun.py : 322 :runAll - 共获取1条用例
2019-01-30 10:00:29,419 - INFO -newRun.py : 336 :runAll - 正在执行caseId=3的用例
2019-01-30 10:00:29,584 - INFO -newRun.py : 107 :excute_case - 此次接口请求的header信息为--->None
2019-01-30 10:00:29,584 - INFO -newRun.py : 109 :excute_case - 关联接口-------->[]
2019-01-30 10:00:29,731 - INFO -newRun.py : 132 :excute_case - headers信息写入配置文件成功--->b0440954c2404ccebb6b5c967ab84d8e
2019-01-30 10:00:29,731 - ERROR -newRun.py : 279 :check - 'builtin_function_or_method' object is not iterable
2019-01-30 10:00:29,734 - INFO -newRun.py : 389 :runAll - 本次测试执行完毕，共耗时0.32秒，共执行用例：1条，成功：0条，失败：1条，阻塞：0条
2019-01-30 10:00:29,736 - INFO -report.py : 148 :get_report - 正在写入用例执行情况
2019-01-30 10:00:43,055 - INFO -parseExc.py : 22 :__init__ - 用例路径：E:\project\ApiTest\cases\case_exmple.xlsx
2019-01-30 10:00:43,055 - INFO -newRun.py : 321 :runAll - 共获取1条用例
2019-01-30 10:00:43,057 - INFO -newRun.py : 335 :runAll - 正在执行caseId=3的用例
2019-01-30 10:00:43,117 - INFO -newRun.py : 107 :excute_case - 此次接口请求的header信息为--->None
2019-01-30 10:00:43,117 - INFO -newRun.py : 109 :excute_case - 关联接口-------->[]
2019-01-30 10:00:43,267 - INFO -newRun.py : 132 :excute_case - headers信息写入配置文件成功--->ce424cff6949407f809aa10c2784b376
2019-01-30 10:00:43,270 - INFO -newRun.py : 388 :runAll - 本次测试执行完毕，共耗时0.21秒，共执行用例：1条，成功：1条，失败：0条，阻塞：0条
2019-01-30 10:00:43,272 - INFO -report.py : 148 :get_report - 正在写入用例执行情况
2019-01-30 10:02:53,438 - INFO -parseExc.py : 22 :__init__ - 用例路径：E:\project\ApiTest\cases\case_exmple.xlsx
2019-01-30 10:02:53,438 - INFO -newRun.py : 322 :runAll - 共获取1条用例
2019-01-30 10:02:53,440 - INFO -newRun.py : 336 :runAll - 正在执行caseId=3的用例
2019-01-30 10:02:53,502 - INFO -newRun.py : 107 :excute_case - 此次接口请求的header信息为--->None
2019-01-30 10:02:53,503 - INFO -newRun.py : 109 :excute_case - 关联接口-------->[]
2019-01-30 10:02:53,840 - INFO -newRun.py : 132 :excute_case - headers信息写入配置文件成功--->d248d697e71a40a4b5aa83808adad44d
2019-01-30 10:02:53,845 - INFO -newRun.py : 389 :runAll - 本次测试执行完毕，共耗时0.41秒，共执行用例：1条，成功：1条，失败：0条，阻塞：0条
2019-01-30 10:02:53,849 - INFO -report.py : 148 :get_report - 正在写入用例执行情况
2019-01-30 10:03:04,765 - INFO -parseExc.py : 22 :__init__ - 用例路径：E:\project\ApiTest\cases\case_exmple.xlsx
2019-01-30 10:03:04,765 - INFO -newRun.py : 322 :runAll - 共获取1条用例
2019-01-30 10:03:04,768 - INFO -newRun.py : 336 :runAll - 正在执行caseId=3的用例
2019-01-30 10:03:04,912 - INFO -newRun.py : 107 :excute_case - 此次接口请求的header信息为--->None
2019-01-30 10:03:04,913 - INFO -newRun.py : 109 :excute_case - 关联接口-------->[]
2019-01-30 10:03:05,084 - INFO -newRun.py : 132 :excute_case - headers信息写入配置文件成功--->5c79fe2ced8141888ef39d7b58c1b783
2019-01-30 10:03:05,089 - INFO -newRun.py : 389 :runAll - 本次测试执行完毕，共耗时0.32秒，共执行用例：1条，成功：1条，失败：0条，阻塞：0条
2019-01-30 10:03:05,093 - INFO -report.py : 148 :get_report - 正在写入用例执行情况
2019-01-30 10:03:34,262 - INFO -parseExc.py : 22 :__init__ - 用例路径：E:\project\ApiTest\cases\case_exmple.xlsx
2019-01-30 10:03:34,262 - INFO -newRun.py : 323 :runAll - 共获取1条用例
2019-01-30 10:03:34,265 - INFO -newRun.py : 337 :runAll - 正在执行caseId=3的用例
2019-01-30 10:03:34,416 - INFO -newRun.py : 107 :excute_case - 此次接口请求的header信息为--->None
2019-01-30 10:03:34,416 - INFO -newRun.py : 109 :excute_case - 关联接口-------->[]
2019-01-30 10:03:34,537 - INFO -newRun.py : 132 :excute_case - headers信息写入配置文件成功--->c1a70c476dcf46c9b495f4eed6f7c354
2019-01-30 10:03:34,542 - INFO -newRun.py : 390 :runAll - 本次测试执行完毕，共耗时0.28秒，共执行用例：1条，成功：1条，失败：0条，阻塞：0条
2019-01-30 10:03:34,546 - INFO -report.py : 148 :get_report - 正在写入用例执行情况
2019-01-30 10:04:03,829 - INFO -parseExc.py : 22 :__init__ - 用例路径：E:\project\ApiTest\cases\case_exmple.xlsx
2019-01-30 10:04:03,829 - INFO -newRun.py : 323 :runAll - 共获取1条用例
2019-01-30 10:04:03,831 - INFO -newRun.py : 337 :runAll - 正在执行caseId=3的用例
2019-01-30 10:04:03,941 - INFO -newRun.py : 107 :excute_case - 此次接口请求的header信息为--->None
2019-01-30 10:04:03,942 - INFO -newRun.py : 109 :excute_case - 关联接口-------->[]
2019-01-30 10:04:04,087 - INFO -newRun.py : 132 :excute_case - headers信息写入配置文件成功--->bb941779ef5e42968ece180e19dcfa90
2019-01-30 10:04:04,092 - INFO -newRun.py : 390 :runAll - 本次测试执行完毕，共耗时0.26秒，共执行用例：1条，成功：0条，失败：1条，阻塞：0条
2019-01-30 10:04:04,096 - INFO -report.py : 148 :get_report - 正在写入用例执行情况
2019-01-30 10:04:28,505 - INFO -parseExc.py : 22 :__init__ - 用例路径：E:\project\ApiTest\cases\case_exmple.xlsx
2019-01-30 10:04:28,505 - INFO -newRun.py : 323 :runAll - 共获取1条用例
2019-01-30 10:04:28,507 - INFO -newRun.py : 337 :runAll - 正在执行caseId=3的用例
2019-01-30 10:04:28,632 - INFO -newRun.py : 107 :excute_case - 此次接口请求的header信息为--->None
2019-01-30 10:04:28,632 - INFO -newRun.py : 109 :excute_case - 关联接口-------->[]
2019-01-30 10:04:28,758 - INFO -newRun.py : 132 :excute_case - headers信息写入配置文件成功--->33cca7ee419a42d3babf2ac034b3ffb0
2019-01-30 10:04:28,761 - INFO -newRun.py : 390 :runAll - 本次测试执行完毕，共耗时0.25秒，共执行用例：1条，成功：0条，失败：1条，阻塞：0条
2019-01-30 10:04:28,764 - INFO -report.py : 148 :get_report - 正在写入用例执行情况
2019-01-30 10:04:33,440 - INFO -parseExc.py : 22 :__init__ - 用例路径：E:\project\ApiTest\cases\case_exmple.xlsx
2019-01-30 10:04:33,440 - INFO -newRun.py : 323 :runAll - 共获取1条用例
2019-01-30 10:04:33,443 - INFO -newRun.py : 337 :runAll - 正在执行caseId=3的用例
2019-01-30 10:04:33,599 - INFO -newRun.py : 107 :excute_case - 此次接口请求的header信息为--->None
2019-01-30 10:04:33,599 - INFO -newRun.py : 109 :excute_case - 关联接口-------->[]
2019-01-30 10:04:33,722 - INFO -newRun.py : 132 :excute_case - headers信息写入配置文件成功--->fe32bd8d7817412ea6831d4c67a911e9
2019-01-30 10:04:33,727 - INFO -newRun.py : 390 :runAll - 本次测试执行完毕，共耗时0.28秒，共执行用例：1条，成功：0条，失败：1条，阻塞：0条
2019-01-30 10:04:33,730 - INFO -report.py : 148 :get_report - 正在写入用例执行情况
2019-01-30 10:04:43,287 - INFO -parseExc.py : 22 :__init__ - 用例路径：E:\project\ApiTest\cases\case_exmple.xlsx
2019-01-30 10:04:43,288 - INFO -newRun.py : 323 :runAll - 共获取1条用例
2019-01-30 10:04:43,291 - INFO -newRun.py : 337 :runAll - 正在执行caseId=3的用例
2019-01-30 10:04:43,410 - INFO -newRun.py : 107 :excute_case - 此次接口请求的header信息为--->None
2019-01-30 10:04:43,410 - INFO -newRun.py : 109 :excute_case - 关联接口-------->[]
2019-01-30 10:04:43,571 - INFO -newRun.py : 132 :excute_case - headers信息写入配置文件成功--->53f6d8f701b44886b30e5f5cdffa9606
2019-01-30 10:04:43,572 - ERROR -newRun.py : 280 :check - 'payoad'
2019-01-30 10:04:43,576 - INFO -newRun.py : 390 :runAll - 本次测试执行完毕，共耗时0.29秒，共执行用例：1条，成功：0条，失败：1条，阻塞：0条
2019-01-30 10:04:43,580 - INFO -report.py : 148 :get_report - 正在写入用例执行情况
2019-01-30 10:05:17,558 - INFO -parseExc.py : 22 :__init__ - 用例路径：E:\project\ApiTest\cases\case_exmple.xlsx
2019-01-30 10:05:17,559 - INFO -newRun.py : 323 :runAll - 共获取1条用例
2019-01-30 10:05:17,561 - INFO -newRun.py : 337 :runAll - 正在执行caseId=3的用例
2019-01-30 10:05:17,680 - INFO -newRun.py : 107 :excute_case - 此次接口请求的header信息为--->None
2019-01-30 10:05:17,680 - INFO -newRun.py : 109 :excute_case - 关联接口-------->[]
2019-01-30 10:05:17,827 - INFO -newRun.py : 132 :excute_case - headers信息写入配置文件成功--->7435c1d0ef4242e4b439a938865325eb
2019-01-30 10:05:17,828 - ERROR -newRun.py : 280 :check - 'payoad'
2019-01-30 10:05:17,830 - INFO -newRun.py : 390 :runAll - 本次测试执行完毕，共耗时0.27秒，共执行用例：1条，成功：0条，失败：1条，阻塞：0条
2019-01-30 10:05:17,832 - INFO -report.py : 148 :get_report - 正在写入用例执行情况
2019-01-30 10:06:33,837 - INFO -parseExc.py : 22 :__init__ - 用例路径：E:\project\ApiTest\cases\case_exmple.xlsx
2019-01-30 10:06:33,837 - INFO -newRun.py : 321 :runAll - 共获取1条用例
2019-01-30 10:06:33,841 - INFO -newRun.py : 335 :runAll - 正在执行caseId=3的用例
2019-01-30 10:06:33,928 - INFO -newRun.py : 107 :excute_case - 此次接口请求的header信息为--->None
2019-01-30 10:06:33,929 - INFO -newRun.py : 109 :excute_case - 关联接口-------->[]
2019-01-30 10:06:34,120 - INFO -newRun.py : 132 :excute_case - headers信息写入配置文件成功--->78f76ff2d49943b3b95a941166ebed13
2019-01-30 10:06:34,120 - ERROR -newRun.py : 278 :check - 'payoad'
2019-01-30 10:06:34,123 - INFO -newRun.py : 388 :runAll - 本次测试执行完毕，共耗时0.28秒，共执行用例：1条，成功：0条，失败：1条，阻塞：0条
2019-01-30 10:06:34,124 - INFO -report.py : 148 :get_report - 正在写入用例执行情况
2019-01-30 10:09:59,592 - INFO -parseExc.py : 22 :__init__ - 用例路径：E:\project\ApiTest\cases\case_exmple.xlsx
2019-01-30 10:09:59,592 - INFO -newRun.py : 328 :runAll - 共获取1条用例
2019-01-30 10:09:59,594 - INFO -newRun.py : 342 :runAll - 正在执行caseId=3的用例
2019-01-30 10:09:59,783 - INFO -newRun.py : 107 :excute_case - 此次接口请求的header信息为--->None
2019-01-30 10:09:59,783 - INFO -newRun.py : 109 :excute_case - 关联接口-------->[]
2019-01-30 10:09:59,927 - INFO -newRun.py : 132 :excute_case - headers信息写入配置文件成功--->f9be344b5ed64c33863adcd1db1198d4
2019-01-30 10:09:59,929 - INFO -newRun.py : 395 :runAll - 本次测试执行完毕，共耗时0.34秒，共执行用例：1条，成功：0条，失败：1条，阻塞：0条
2019-01-30 10:09:59,930 - INFO -report.py : 148 :get_report - 正在写入用例执行情况
2019-01-30 10:11:32,297 - INFO -parseExc.py : 22 :__init__ - 用例路径：E:\project\ApiTest\cases\case_exmple.xlsx
2019-01-30 10:11:32,298 - INFO -newRun.py : 328 :runAll - 共获取1条用例
2019-01-30 10:11:32,300 - INFO -newRun.py : 342 :runAll - 正在执行caseId=3的用例
2019-01-30 10:11:32,414 - INFO -newRun.py : 107 :excute_case - 此次接口请求的header信息为--->None
2019-01-30 10:11:32,414 - INFO -newRun.py : 109 :excute_case - 关联接口-------->[]
2019-01-30 10:11:32,538 - INFO -newRun.py : 132 :excute_case - headers信息写入配置文件成功--->b135eb3548a54c4fbebf7264e5c2d53b
2019-01-30 10:11:32,544 - INFO -newRun.py : 395 :runAll - 本次测试执行完毕，共耗时0.24秒，共执行用例：1条，成功：0条，失败：1条，阻塞：0条
2019-01-30 10:11:32,547 - INFO -report.py : 148 :get_report - 正在写入用例执行情况
2019-01-30 10:12:22,925 - INFO -parseExc.py : 22 :__init__ - 用例路径：E:\project\ApiTest\cases\case_exmple.xlsx
2019-01-30 10:12:22,925 - INFO -newRun.py : 328 :runAll - 共获取1条用例
2019-01-30 10:12:22,928 - INFO -newRun.py : 342 :runAll - 正在执行caseId=3的用例
2019-01-30 10:12:23,026 - INFO -newRun.py : 107 :excute_case - 此次接口请求的header信息为--->None
2019-01-30 10:12:23,027 - INFO -newRun.py : 109 :excute_case - 关联接口-------->[]
2019-01-30 10:12:23,156 - INFO -newRun.py : 132 :excute_case - headers信息写入配置文件成功--->a2ac1ada7a9b40dcb65f1bed0414a2fc
2019-01-30 10:12:23,159 - INFO -newRun.py : 395 :runAll - 本次测试执行完毕，共耗时0.23秒，共执行用例：1条，成功：0条，失败：1条，阻塞：0条
2019-01-30 10:12:23,162 - INFO -report.py : 148 :get_report - 正在写入用例执行情况
2019-01-30 10:12:41,315 - INFO -parseExc.py : 22 :__init__ - 用例路径：E:\project\ApiTest\cases\case_exmple.xlsx
2019-01-30 10:12:41,316 - INFO -newRun.py : 328 :runAll - 共获取1条用例
2019-01-30 10:12:41,319 - INFO -newRun.py : 342 :runAll - 正在执行caseId=3的用例
2019-01-30 10:12:41,420 - INFO -newRun.py : 107 :excute_case - 此次接口请求的header信息为--->None
2019-01-30 10:12:41,420 - INFO -newRun.py : 109 :excute_case - 关联接口-------->[]
2019-01-30 10:12:41,556 - INFO -newRun.py : 132 :excute_case - headers信息写入配置文件成功--->7bc63c5874784718bc5208d81aa5e842
2019-01-30 10:12:41,564 - INFO -newRun.py : 395 :runAll - 本次测试执行完毕，共耗时0.24秒，共执行用例：1条，成功：0条，失败：1条，阻塞：0条
2019-01-30 10:12:41,569 - INFO -report.py : 148 :get_report - 正在写入用例执行情况
2019-01-30 10:13:34,367 - INFO -parseExc.py : 22 :__init__ - 用例路径：E:\project\ApiTest\cases\case_exmple.xlsx
2019-01-30 10:13:34,367 - INFO -newRun.py : 328 :runAll - 共获取1条用例
2019-01-30 10:13:34,369 - INFO -newRun.py : 342 :runAll - 正在执行caseId=3的用例
2019-01-30 10:13:34,513 - INFO -newRun.py : 107 :excute_case - 此次接口请求的header信息为--->None
2019-01-30 10:13:34,514 - INFO -newRun.py : 109 :excute_case - 关联接口-------->[]
2019-01-30 10:13:34,611 - INFO -newRun.py : 132 :excute_case - headers信息写入配置文件成功--->5392f6d410cd44d897712d880f9a6b71
2019-01-30 10:13:34,613 - INFO -newRun.py : 395 :runAll - 本次测试执行完毕，共耗时0.25秒，共执行用例：1条，成功：0条，失败：1条，阻塞：0条
2019-01-30 10:13:34,615 - INFO -report.py : 148 :get_report - 正在写入用例执行情况
2019-01-30 10:14:49,399 - INFO -parseExc.py : 22 :__init__ - 用例路径：E:\project\ApiTest\cases\case_exmple.xlsx
2019-01-30 10:14:49,399 - INFO -newRun.py : 327 :runAll - 共获取1条用例
2019-01-30 10:14:49,401 - INFO -newRun.py : 341 :runAll - 正在执行caseId=3的用例
2019-01-30 10:14:49,552 - INFO -newRun.py : 107 :excute_case - 此次接口请求的header信息为--->None
2019-01-30 10:14:49,552 - INFO -newRun.py : 109 :excute_case - 关联接口-------->[]
2019-01-30 10:14:49,678 - INFO -newRun.py : 132 :excute_case - headers信息写入配置文件成功--->de165919bf2e4c24bec2c1a47c7c04f1
2019-01-30 10:14:49,682 - INFO -newRun.py : 394 :runAll - 本次测试执行完毕，共耗时0.28秒，共执行用例：1条，成功：1条，失败：0条，阻塞：0条
2019-01-30 10:14:49,685 - INFO -report.py : 148 :get_report - 正在写入用例执行情况
2019-01-30 10:15:01,325 - INFO -parseExc.py : 22 :__init__ - 用例路径：E:\project\ApiTest\cases\case_exmple.xlsx
2019-01-30 10:15:01,325 - INFO -newRun.py : 327 :runAll - 共获取1条用例
2019-01-30 10:15:01,328 - INFO -newRun.py : 341 :runAll - 正在执行caseId=3的用例
2019-01-30 10:15:01,450 - INFO -newRun.py : 107 :excute_case - 此次接口请求的header信息为--->None
2019-01-30 10:15:01,450 - INFO -newRun.py : 109 :excute_case - 关联接口-------->[]
2019-01-30 10:15:01,560 - INFO -newRun.py : 132 :excute_case - headers信息写入配置文件成功--->82f169e2989b4f19a03e7b6cda50f58c
2019-01-30 10:15:01,566 - INFO -newRun.py : 394 :runAll - 本次测试执行完毕，共耗时0.24秒，共执行用例：1条，成功：0条，失败：1条，阻塞：0条
2019-01-30 10:15:01,570 - INFO -report.py : 148 :get_report - 正在写入用例执行情况
2019-01-30 10:16:02,326 - INFO -parseExc.py : 22 :__init__ - 用例路径：E:\project\ApiTest\cases\case_exmple.xlsx
2019-01-30 10:16:02,326 - INFO -newRun.py : 322 :runAll - 共获取1条用例
2019-01-30 10:16:02,328 - INFO -newRun.py : 336 :runAll - 正在执行caseId=3的用例
2019-01-30 10:16:02,441 - INFO -newRun.py : 107 :excute_case - 此次接口请求的header信息为--->None
2019-01-30 10:16:02,441 - INFO -newRun.py : 109 :excute_case - 关联接口-------->[]
2019-01-30 10:16:02,572 - INFO -newRun.py : 132 :excute_case - headers信息写入配置文件成功--->712750130c2c4f99b1dfe29b7e250632
2019-01-30 10:16:02,574 - INFO -newRun.py : 388 :runAll - 本次测试执行完毕，共耗时0.25秒，共执行用例：1条，成功：0条，失败：1条，阻塞：0条
2019-01-30 10:16:02,576 - INFO -report.py : 148 :get_report - 正在写入用例执行情况
2019-01-30 10:16:29,141 - INFO -parseExc.py : 22 :__init__ - 用例路径：E:\project\ApiTest\cases\case_exmple.xlsx
2019-01-30 10:16:29,142 - INFO -newRun.py : 322 :runAll - 共获取1条用例
2019-01-30 10:16:29,145 - INFO -newRun.py : 336 :runAll - 正在执行caseId=3的用例
2019-01-30 10:16:29,252 - INFO -newRun.py : 107 :excute_case - 此次接口请求的header信息为--->None
2019-01-30 10:16:29,252 - INFO -newRun.py : 109 :excute_case - 关联接口-------->[]
2019-01-30 10:16:29,377 - INFO -newRun.py : 132 :excute_case - headers信息写入配置文件成功--->07b9a48d52404f6da74da10cbc3c325a
2019-01-30 10:16:29,428 - INFO -newRun.py : 388 :runAll - 本次测试执行完毕，共耗时0.28秒，共执行用例：1条，成功：0条，失败：1条，阻塞：0条
2019-01-30 10:16:29,430 - INFO -report.py : 148 :get_report - 正在写入用例执行情况
2019-01-30 10:16:45,675 - INFO -parseExc.py : 22 :__init__ - 用例路径：E:\project\ApiTest\cases\case_exmple.xlsx
2019-01-30 10:16:45,676 - INFO -newRun.py : 322 :runAll - 共获取1条用例
2019-01-30 10:16:45,678 - INFO -newRun.py : 336 :runAll - 正在执行caseId=3的用例
2019-01-30 10:16:45,785 - INFO -newRun.py : 107 :excute_case - 此次接口请求的header信息为--->None
2019-01-30 10:16:45,785 - INFO -newRun.py : 109 :excute_case - 关联接口-------->[]
2019-01-30 10:16:45,904 - INFO -newRun.py : 132 :excute_case - headers信息写入配置文件成功--->ee8c578cfd4749c19ea03a25bc21faff
2019-01-30 10:16:45,906 - INFO -newRun.py : 388 :runAll - 本次测试执行完毕，共耗时0.23秒，共执行用例：1条，成功：0条，失败：1条，阻塞：0条
2019-01-30 10:16:45,907 - INFO -report.py : 148 :get_report - 正在写入用例执行情况
2019-01-30 10:17:15,361 - INFO -parseExc.py : 22 :__init__ - 用例路径：E:\project\ApiTest\cases\case_exmple.xlsx
2019-01-30 10:17:15,361 - INFO -newRun.py : 322 :runAll - 共获取1条用例
2019-01-30 10:17:15,363 - INFO -newRun.py : 336 :runAll - 正在执行caseId=3的用例
2019-01-30 10:17:15,453 - INFO -newRun.py : 107 :excute_case - 此次接口请求的header信息为--->None
2019-01-30 10:17:15,453 - INFO -newRun.py : 109 :excute_case - 关联接口-------->[]
2019-01-30 10:17:15,573 - INFO -newRun.py : 132 :excute_case - headers信息写入配置文件成功--->f7692fe8627a4c28b28f410f460a1acc
2019-01-30 10:17:15,610 - INFO -newRun.py : 388 :runAll - 本次测试执行完毕，共耗时0.25秒，共执行用例：1条，成功：0条，失败：0条，阻塞：1条
2019-01-30 10:17:15,613 - INFO -report.py : 148 :get_report - 正在写入用例执行情况
2019-01-30 10:17:31,173 - INFO -parseExc.py : 22 :__init__ - 用例路径：E:\project\ApiTest\cases\case_exmple.xlsx
2019-01-30 10:17:31,173 - INFO -newRun.py : 322 :runAll - 共获取1条用例
2019-01-30 10:17:31,175 - INFO -newRun.py : 336 :runAll - 正在执行caseId=3的用例
2019-01-30 10:17:31,275 - INFO -newRun.py : 107 :excute_case - 此次接口请求的header信息为--->None
2019-01-30 10:17:31,276 - INFO -newRun.py : 109 :excute_case - 关联接口-------->[]
2019-01-30 10:17:31,394 - INFO -newRun.py : 132 :excute_case - headers信息写入配置文件成功--->4143ab01d27149e184a61cfb43a3b037
2019-01-30 10:17:31,436 - INFO -newRun.py : 388 :runAll - 本次测试执行完毕，共耗时0.26秒，共执行用例：1条，成功：1条，失败：0条，阻塞：0条
2019-01-30 10:17:31,438 - INFO -report.py : 148 :get_report - 正在写入用例执行情况
2019-01-30 10:19:50,808 - INFO -parseExc.py : 22 :__init__ - 用例路径：E:\project\ApiTest\cases\case_exmple.xlsx
2019-01-30 10:19:50,808 - INFO -newRun.py : 322 :runAll - 共获取1条用例
2019-01-30 10:19:50,811 - INFO -newRun.py : 336 :runAll - 正在执行caseId=3的用例
2019-01-30 10:19:50,923 - INFO -newRun.py : 107 :excute_case - 此次接口请求的header信息为--->None
2019-01-30 10:19:50,923 - INFO -newRun.py : 109 :excute_case - 关联接口-------->[]
2019-01-30 10:19:51,106 - INFO -newRun.py : 132 :excute_case - headers信息写入配置文件成功--->0f1ba60f0b044d609dd745dc958b6797
2019-01-30 10:21:38,167 - INFO -parseExc.py : 22 :__init__ - 用例路径：E:\project\ApiTest\cases\case_exmple.xlsx
2019-01-30 10:21:38,168 - INFO -newRun.py : 322 :runAll - 共获取1条用例
2019-01-30 10:21:38,171 - INFO -newRun.py : 336 :runAll - 正在执行caseId=3的用例
2019-01-30 10:21:38,339 - INFO -newRun.py : 107 :excute_case - 此次接口请求的header信息为--->None
2019-01-30 10:21:38,339 - INFO -newRun.py : 109 :excute_case - 关联接口-------->[]
2019-01-30 10:21:38,490 - INFO -newRun.py : 132 :excute_case - headers信息写入配置文件成功--->95e0b7ab1e7c44abb53d32d0e706b5b1
2019-01-30 10:21:38,525 - INFO -newRun.py : 388 :runAll - 本次测试执行完毕，共耗时0.35秒，共执行用例：1条，成功：0条，失败：1条，阻塞：0条
2019-01-30 10:21:38,528 - INFO -report.py : 148 :get_report - 正在写入用例执行情况
2019-01-30 10:22:22,376 - INFO -parseExc.py : 22 :__init__ - 用例路径：E:\project\ApiTest\cases\case_exmple.xlsx
2019-01-30 10:22:22,377 - INFO -newRun.py : 322 :runAll - 共获取1条用例
2019-01-30 10:22:22,380 - INFO -newRun.py : 336 :runAll - 正在执行caseId=3的用例
2019-01-30 10:22:22,431 - INFO -newRun.py : 107 :excute_case - 此次接口请求的header信息为--->None
2019-01-30 10:22:22,432 - INFO -newRun.py : 109 :excute_case - 关联接口-------->[]
2019-01-30 10:22:22,583 - INFO -newRun.py : 132 :excute_case - headers信息写入配置文件成功--->36e6e1f256424e6f926d1a61798ebe0e
2019-01-30 10:22:22,656 - INFO -newRun.py : 388 :runAll - 本次测试执行完毕，共耗时0.28秒，共执行用例：1条，成功：0条，失败：1条，阻塞：0条
2019-01-30 10:22:22,659 - INFO -report.py : 148 :get_report - 正在写入用例执行情况
2019-01-30 10:24:46,803 - INFO -parseExc.py : 22 :__init__ - 用例路径：E:\project\ApiTest\cases\case_exmple.xlsx
2019-01-30 10:24:46,804 - INFO -newRun.py : 328 :runAll - 共获取1条用例
2019-01-30 10:24:46,807 - INFO -newRun.py : 342 :runAll - 正在执行caseId=3的用例
2019-01-30 10:24:46,870 - INFO -newRun.py : 107 :excute_case - 此次接口请求的header信息为--->None
2019-01-30 10:24:46,870 - INFO -newRun.py : 109 :excute_case - 关联接口-------->[]
2019-01-30 10:24:46,965 - INFO -newRun.py : 132 :excute_case - headers信息写入配置文件成功--->71811f0a81a4453db2263e97d3c43635
2019-01-30 10:24:47,006 - INFO -newRun.py : 394 :runAll - 本次测试执行完毕，共耗时0.2秒，共执行用例：1条，成功：0条，失败：1条，阻塞：0条
2019-01-30 10:24:47,008 - INFO -report.py : 148 :get_report - 正在写入用例执行情况
2019-01-30 10:25:02,072 - INFO -parseExc.py : 22 :__init__ - 用例路径：E:\project\ApiTest\cases\case_exmple.xlsx
2019-01-30 10:25:02,073 - INFO -newRun.py : 328 :runAll - 共获取1条用例
2019-01-30 10:25:02,075 - INFO -newRun.py : 342 :runAll - 正在执行caseId=3的用例
2019-01-30 10:25:02,250 - INFO -newRun.py : 107 :excute_case - 此次接口请求的header信息为--->None
2019-01-30 10:25:02,251 - INFO -newRun.py : 109 :excute_case - 关联接口-------->[]
2019-01-30 10:25:02,424 - INFO -newRun.py : 132 :excute_case - headers信息写入配置文件成功--->105be576fa9548f0b62ba354ad0c56a9
2019-01-30 10:25:02,502 - INFO -newRun.py : 394 :runAll - 本次测试执行完毕，共耗时0.43秒，共执行用例：1条，成功：0条，失败：0条，阻塞：1条
2019-01-30 10:25:02,505 - INFO -report.py : 148 :get_report - 正在写入用例执行情况
2019-01-30 11:04:01,090 - INFO -parseExc.py : 22 :__init__ - 用例路径：E:\project\ApiTest\cases\case_exmple.xlsx
2019-01-30 11:04:01,090 - INFO -newRun.py : 328 :runAll - 共获取1条用例
2019-01-30 11:04:01,097 - INFO -newRun.py : 342 :runAll - 正在执行caseId=3的用例
2019-01-30 11:04:01,291 - INFO -newRun.py : 107 :excute_case - 此次接口请求的header信息为--->None
2019-01-30 11:04:01,292 - INFO -newRun.py : 109 :excute_case - 关联接口-------->[]
2019-01-30 11:04:01,412 - INFO -newRun.py : 132 :excute_case - headers信息写入配置文件成功--->129dd384cf9c41698f983dfdded1a63a
2019-01-30 11:04:01,457 - INFO -newRun.py : 394 :runAll - 本次测试执行完毕，共耗时0.36秒，共执行用例：1条，成功：0条，失败：0条，阻塞：1条
2019-01-30 11:04:01,458 - INFO -report.py : 148 :get_report - 正在写入用例执行情况
2019-01-30 13:37:40,039 - INFO -parseExc.py : 22 :__init__ - 用例路径：E:\project\ApiTest\cases\case_exmple.xlsx
2019-01-30 13:37:40,040 - INFO -newRun.py : 328 :runAll - 共获取5条用例
2019-01-30 13:37:40,053 - INFO -newRun.py : 342 :runAll - 正在执行caseId=1的用例
2019-01-30 13:37:40,053 - INFO -newRun.py : 107 :excute_case - 此次接口请求的header信息为--->None
2019-01-30 13:37:40,054 - INFO -newRun.py : 109 :excute_case - 关联接口-------->[]
2019-01-30 13:37:40,238 - INFO -newRun.py : 135 :excute_case - headers信息写入配置文件成功--->8c1818635f8f4f038c953f76b1771c07
2019-01-30 13:37:40,325 - INFO -newRun.py : 342 :runAll - 正在执行caseId=2的用例
2019-01-30 13:37:40,326 - INFO -newRun.py : 107 :excute_case - 此次接口请求的header信息为--->{'Accept': '*/*', 'Content-Type': 'application/json;charset=utf-8', 'cookie': 'DIS4=8c1818635f8f4f038c953f76b1771c07'}
2019-01-30 13:37:40,326 - INFO -newRun.py : 109 :excute_case - 关联接口-------->[]
2019-01-30 13:37:40,440 - INFO -newRun.py : 342 :runAll - 正在执行caseId=3的用例
2019-01-30 13:37:40,779 - INFO -newRun.py : 107 :excute_case - 此次接口请求的header信息为--->None
2019-01-30 13:37:40,779 - INFO -newRun.py : 109 :excute_case - 关联接口-------->[]
2019-01-30 13:37:40,980 - INFO -newRun.py : 132 :excute_case - headers信息写入配置文件成功--->081dc7d20d9349efa298e5db1b8dee3b
2019-01-30 13:37:41,056 - INFO -newRun.py : 342 :runAll - 正在执行caseId=4的用例
2019-01-30 13:37:41,056 - INFO -newRun.py : 107 :excute_case - 此次接口请求的header信息为--->{'Accept': '*/*', 'Content-Type': 'application/json;charset=utf-8', 'cookie': 'DIS4=081dc7d20d9349efa298e5db1b8dee3b'}
2019-01-30 13:37:41,056 - INFO -newRun.py : 109 :excute_case - 关联接口-------->[]
2019-01-30 13:37:41,189 - INFO -newRun.py : 342 :runAll - 正在执行caseId=5的用例
2019-01-30 13:37:41,190 - INFO -newRun.py : 107 :excute_case - 此次接口请求的header信息为--->{'Accept': '*/*', 'Content-Type': 'application/json;charset=utf-8', 'cookie': 'DIS4=081dc7d20d9349efa298e5db1b8dee3b'}
2019-01-30 13:37:41,190 - INFO -newRun.py : 109 :excute_case - 关联接口-------->[]
2019-01-30 13:37:41,309 - INFO -newRun.py : 394 :runAll - 本次测试执行完毕，共耗时1.27秒，共执行用例：5条，成功：0条，失败：0条，阻塞：5条
2019-01-30 13:37:41,314 - INFO -report.py : 148 :get_report - 正在写入用例执行情况
2019-01-30 13:39:56,708 - INFO -parseExc.py : 22 :__init__ - 用例路径：E:\project\ApiTest\cases\case_exmple.xlsx
2019-01-30 13:39:56,709 - INFO -newRun.py : 328 :runAll - 共获取5条用例
2019-01-30 13:39:56,721 - INFO -newRun.py : 342 :runAll - 正在执行caseId=1的用例
2019-01-30 13:39:56,721 - INFO -newRun.py : 107 :excute_case - 此次接口请求的header信息为--->None
2019-01-30 13:39:56,721 - INFO -newRun.py : 109 :excute_case - 关联接口-------->[]
2019-01-30 13:39:56,876 - INFO -newRun.py : 135 :excute_case - headers信息写入配置文件成功--->87f608745cb44531a367168f83526bd4
2019-01-30 13:39:56,924 - INFO -newRun.py : 342 :runAll - 正在执行caseId=2的用例
2019-01-30 13:39:56,925 - INFO -newRun.py : 107 :excute_case - 此次接口请求的header信息为--->{'Accept': '*/*', 'Content-Type': 'application/json;charset=utf-8', 'cookie': 'DIS4=87f608745cb44531a367168f83526bd4'}
2019-01-30 13:39:56,925 - INFO -newRun.py : 109 :excute_case - 关联接口-------->[]
2019-01-30 13:39:57,019 - INFO -newRun.py : 342 :runAll - 正在执行caseId=3的用例
2019-01-30 13:39:57,214 - INFO -newRun.py : 107 :excute_case - 此次接口请求的header信息为--->None
2019-01-30 13:39:57,215 - INFO -newRun.py : 109 :excute_case - 关联接口-------->[]
2019-01-30 13:39:57,411 - INFO -newRun.py : 132 :excute_case - headers信息写入配置文件成功--->7b61534978354bf7a6da0d5a592ccbd1
2019-01-30 13:42:14,829 - INFO -parseExc.py : 22 :__init__ - 用例路径：E:\project\ApiTest\cases\case_exmple.xlsx
2019-01-30 13:42:14,829 - INFO -newRun.py : 328 :runAll - 共获取5条用例
2019-01-30 13:42:14,843 - INFO -newRun.py : 342 :runAll - 正在执行caseId=1的用例
2019-01-30 13:42:14,844 - INFO -newRun.py : 107 :excute_case - 此次接口请求的header信息为--->None
2019-01-30 13:42:14,844 - INFO -newRun.py : 109 :excute_case - 关联接口-------->[]
2019-01-30 13:42:15,073 - INFO -newRun.py : 135 :excute_case - headers信息写入配置文件成功--->fdc90fa67a784907a8842ce621e973b9
2019-01-30 13:42:15,117 - INFO -newRun.py : 342 :runAll - 正在执行caseId=2的用例
2019-01-30 13:42:15,117 - INFO -newRun.py : 107 :excute_case - 此次接口请求的header信息为--->{'Accept': '*/*', 'Content-Type': 'application/json;charset=utf-8', 'cookie': 'DIS4=fdc90fa67a784907a8842ce621e973b9'}
2019-01-30 13:42:15,117 - INFO -newRun.py : 109 :excute_case - 关联接口-------->[]
2019-01-30 13:42:15,331 - INFO -newRun.py : 342 :runAll - 正在执行caseId=3的用例
2019-01-30 13:42:15,503 - INFO -newRun.py : 107 :excute_case - 此次接口请求的header信息为--->None
2019-01-30 13:42:15,503 - INFO -newRun.py : 109 :excute_case - 关联接口-------->[]
2019-01-30 13:42:15,678 - INFO -newRun.py : 132 :excute_case - headers信息写入配置文件成功--->806a0d647e7b497f8d1f25f74e1706c4
2019-01-30 13:42:15,720 - INFO -newRun.py : 342 :runAll - 正在执行caseId=4的用例
2019-01-30 13:42:15,721 - INFO -newRun.py : 107 :excute_case - 此次接口请求的header信息为--->{'Accept': '*/*', 'Content-Type': 'application/json;charset=utf-8', 'cookie': 'DIS4=806a0d647e7b497f8d1f25f74e1706c4'}
2019-01-30 13:42:15,721 - INFO -newRun.py : 109 :excute_case - 关联接口-------->[]
2019-01-30 13:42:15,911 - INFO -newRun.py : 342 :runAll - 正在执行caseId=5的用例
2019-01-30 13:42:15,911 - INFO -newRun.py : 107 :excute_case - 此次接口请求的header信息为--->{'Accept': '*/*', 'Content-Type': 'application/json;charset=utf-8', 'cookie': 'DIS4=806a0d647e7b497f8d1f25f74e1706c4'}
2019-01-30 13:42:15,912 - INFO -newRun.py : 109 :excute_case - 关联接口-------->[]
2019-01-30 13:42:16,010 - INFO -newRun.py : 394 :runAll - 本次测试执行完毕，共耗时1.18秒，共执行用例：5条，成功：0条，失败：1条，阻塞：4条
2019-01-30 13:42:16,014 - INFO -report.py : 148 :get_report - 正在写入用例执行情况
2019-01-30 15:37:08,936 - INFO -parseExc.py : 22 :__init__ - 用例路径：E:\project\ApiTest\cases\case_exmple.xlsx
2019-01-30 15:37:08,936 - INFO -newRun.py : 328 :runAll - 共获取5条用例
2019-01-30 15:37:08,946 - INFO -newRun.py : 342 :runAll - 正在执行caseId=1的用例
2019-01-30 15:37:08,946 - INFO -newRun.py : 107 :excute_case - 此次接口请求的header信息为--->None
2019-01-30 15:37:08,946 - INFO -newRun.py : 109 :excute_case - 关联接口-------->[]
2019-01-30 15:37:09,152 - INFO -newRun.py : 135 :excute_case - headers信息写入配置文件成功--->15584fa46a1c48938804daabd2a59818
2019-01-30 15:37:09,185 - INFO -newRun.py : 342 :runAll - 正在执行caseId=2的用例
2019-01-30 15:37:09,186 - INFO -newRun.py : 107 :excute_case - 此次接口请求的header信息为--->{'Accept': '*/*', 'Content-Type': 'application/json;charset=utf-8', 'cookie': 'DIS4=15584fa46a1c48938804daabd2a59818'}
2019-01-30 15:37:09,186 - INFO -newRun.py : 109 :excute_case - 关联接口-------->[]
2019-01-30 15:37:09,273 - INFO -newRun.py : 342 :runAll - 正在执行caseId=3的用例
2019-01-30 15:37:09,470 - INFO -newRun.py : 107 :excute_case - 此次接口请求的header信息为--->None
2019-01-30 15:37:09,470 - INFO -newRun.py : 109 :excute_case - 关联接口-------->[]
2019-01-30 15:37:09,685 - INFO -newRun.py : 132 :excute_case - headers信息写入配置文件成功--->732dc6bebe4a4b74983cd198c8c38130
2019-01-30 15:37:09,717 - INFO -newRun.py : 342 :runAll - 正在执行caseId=4的用例
2019-01-30 15:37:09,717 - INFO -newRun.py : 107 :excute_case - 此次接口请求的header信息为--->{'Accept': '*/*', 'Content-Type': 'application/json;charset=utf-8', 'cookie': 'DIS4=732dc6bebe4a4b74983cd198c8c38130'}
2019-01-30 15:37:09,718 - INFO -newRun.py : 109 :excute_case - 关联接口-------->[]
2019-01-30 15:37:09,889 - INFO -newRun.py : 342 :runAll - 正在执行caseId=5的用例
2019-01-30 15:37:09,889 - INFO -newRun.py : 107 :excute_case - 此次接口请求的header信息为--->{'Accept': '*/*', 'Content-Type': 'application/json;charset=utf-8', 'cookie': 'DIS4=732dc6bebe4a4b74983cd198c8c38130'}
2019-01-30 15:37:09,890 - INFO -newRun.py : 109 :excute_case - 关联接口-------->[]
2019-01-30 15:37:10,007 - INFO -newRun.py : 394 :runAll - 本次测试执行完毕，共耗时1.07秒，共执行用例：5条，成功：0条，失败：1条，阻塞：4条
2019-01-30 15:37:10,011 - INFO -report.py : 148 :get_report - 正在写入用例执行情况
2019-01-30 17:42:57,934 - INFO -parseExc.py : 22 :__init__ - 用例路径：E:\project\ApiTest\cases\case_exmple.xlsx
2019-01-30 17:42:57,934 - INFO -newRun.py : 333 :runAll - 共获取5条用例
2019-01-30 17:42:57,944 - INFO -newRun.py : 347 :runAll - 正在执行caseId=1的用例
2019-01-30 17:42:57,944 - INFO -newRun.py : 107 :excute_case - 此次接口请求的header信息为--->None
2019-01-30 17:42:57,944 - INFO -newRun.py : 109 :excute_case - 关联接口-------->[]
2019-01-30 17:42:58,087 - INFO -newRun.py : 135 :excute_case - headers信息写入配置文件成功--->d18c1289c1f549b98e666e8ff379362f
2019-01-30 17:42:58,154 - INFO -newRun.py : 347 :runAll - 正在执行caseId=2的用例
2019-01-30 17:42:58,155 - INFO -newRun.py : 107 :excute_case - 此次接口请求的header信息为--->{'Accept': '*/*', 'Content-Type': 'application/json;charset=utf-8', 'cookie': 'DIS4=d18c1289c1f549b98e666e8ff379362f'}
2019-01-30 17:42:58,155 - INFO -newRun.py : 109 :excute_case - 关联接口-------->[]
2019-01-30 17:42:58,307 - INFO -newRun.py : 347 :runAll - 正在执行caseId=3的用例
2019-01-30 17:42:58,508 - INFO -newRun.py : 107 :excute_case - 此次接口请求的header信息为--->None
2019-01-30 17:42:58,508 - INFO -newRun.py : 109 :excute_case - 关联接口-------->[]
2019-01-30 17:42:58,635 - INFO -newRun.py : 132 :excute_case - headers信息写入配置文件成功--->bb3db36a554a454bb01e9250ecdada5d
2019-01-30 17:42:58,675 - INFO -newRun.py : 347 :runAll - 正在执行caseId=4的用例
2019-01-30 17:42:58,675 - INFO -newRun.py : 107 :excute_case - 此次接口请求的header信息为--->{'Accept': '*/*', 'Content-Type': 'application/json;charset=utf-8', 'cookie': 'DIS4=bb3db36a554a454bb01e9250ecdada5d'}
2019-01-30 17:42:58,675 - INFO -newRun.py : 109 :excute_case - 关联接口-------->[]
2019-01-30 17:42:58,819 - INFO -newRun.py : 347 :runAll - 正在执行caseId=5的用例
2019-01-30 17:42:58,819 - INFO -newRun.py : 107 :excute_case - 此次接口请求的header信息为--->{'Accept': '*/*', 'Content-Type': 'application/json;charset=utf-8', 'cookie': 'DIS4=bb3db36a554a454bb01e9250ecdada5d'}
2019-01-30 17:42:58,819 - INFO -newRun.py : 109 :excute_case - 关联接口-------->[]
2019-01-30 17:42:58,953 - INFO -newRun.py : 399 :runAll - 本次测试执行完毕，共耗时1.02秒，共执行用例：5条，成功：0条，失败：1条，阻塞：4条
2019-01-30 17:42:58,955 - INFO -report.py : 148 :get_report - 正在写入用例执行情况
2019-01-30 17:55:45,029 - INFO -parseExc.py : 22 :__init__ - 用例路径：E:\project\ApiTest\cases\case_exmple.xlsx
2019-01-30 17:55:45,029 - INFO -newRun.py : 333 :runAll - 共获取2条用例
2019-01-30 17:55:45,035 - INFO -newRun.py : 347 :runAll - 正在执行caseId=3的用例
2019-01-30 17:55:45,140 - INFO -newRun.py : 107 :excute_case - 此次接口请求的header信息为--->None
2019-01-30 17:55:45,141 - INFO -newRun.py : 109 :excute_case - 关联接口-------->[]
2019-01-30 17:55:45,302 - INFO -newRun.py : 132 :excute_case - headers信息写入配置文件成功--->4d4c9b4c1a794f10b0863d5cdf87c0d4
2019-01-30 17:55:45,368 - INFO -newRun.py : 347 :runAll - 正在执行caseId=5的用例
2019-01-30 17:56:09,055 - INFO -parseExc.py : 22 :__init__ - 用例路径：E:\project\ApiTest\cases\case_exmple.xlsx
2019-01-30 17:56:09,055 - INFO -newRun.py : 333 :runAll - 共获取2条用例
2019-01-30 17:56:09,060 - INFO -newRun.py : 347 :runAll - 正在执行caseId=3的用例
2019-01-30 17:56:09,111 - INFO -newRun.py : 107 :excute_case - 此次接口请求的header信息为--->None
2019-01-30 17:56:09,112 - INFO -newRun.py : 109 :excute_case - 关联接口-------->[]
2019-01-30 17:56:09,261 - INFO -newRun.py : 132 :excute_case - headers信息写入配置文件成功--->8156a38eecb441f7aa6473857aec99e6
2019-01-30 17:56:09,332 - INFO -newRun.py : 347 :runAll - 正在执行caseId=5的用例
2019-01-30 17:56:54,354 - INFO -parseExc.py : 22 :__init__ - 用例路径：E:\project\ApiTest\cases\case_exmple.xlsx
2019-01-30 17:56:54,354 - INFO -newRun.py : 334 :runAll - 共获取2条用例
2019-01-30 17:56:54,359 - INFO -newRun.py : 348 :runAll - 正在执行caseId=3的用例
2019-01-30 17:56:54,413 - INFO -newRun.py : 108 :excute_case - 此次接口请求的header信息为--->None
2019-01-30 17:56:54,413 - INFO -newRun.py : 110 :excute_case - 关联接口-------->[]
2019-01-30 17:56:54,540 - INFO -newRun.py : 133 :excute_case - headers信息写入配置文件成功--->6cb7651f005c4330a3276dc7110d1da3
2019-01-30 17:56:54,622 - INFO -newRun.py : 348 :runAll - 正在执行caseId=5的用例
2019-01-30 17:57:12,191 - INFO -parseExc.py : 22 :__init__ - 用例路径：E:\project\ApiTest\cases\case_exmple.xlsx
2019-01-30 17:57:12,191 - INFO -newRun.py : 334 :runAll - 共获取2条用例
2019-01-30 17:57:12,195 - INFO -newRun.py : 348 :runAll - 正在执行caseId=3的用例
2019-01-30 17:57:25,202 - INFO -parseExc.py : 22 :__init__ - 用例路径：E:\project\ApiTest\cases\case_exmple.xlsx
2019-01-30 17:57:25,202 - INFO -newRun.py : 334 :runAll - 共获取2条用例
2019-01-30 17:57:25,208 - INFO -newRun.py : 348 :runAll - 正在执行caseId=3的用例
2019-01-30 17:57:25,339 - INFO -newRun.py : 108 :excute_case - 此次接口请求的header信息为--->None
2019-01-30 17:57:25,339 - INFO -newRun.py : 110 :excute_case - 关联接口-------->[]
2019-01-30 17:57:25,501 - INFO -newRun.py : 133 :excute_case - headers信息写入配置文件成功--->84c2f0879ca9411eaa62b55f816cffea
2019-01-30 17:57:25,550 - INFO -newRun.py : 348 :runAll - 正在执行caseId=5的用例
2019-01-30 18:02:55,944 - INFO -parseExc.py : 22 :__init__ - 用例路径：E:\project\ApiTest\cases\case_exmple.xlsx
2019-01-30 18:02:55,944 - INFO -newRun.py : 335 :runAll - 共获取2条用例
2019-01-30 18:02:55,948 - INFO -newRun.py : 349 :runAll - 正在执行caseId=3的用例
2019-01-30 18:02:56,072 - INFO -newRun.py : 108 :excute_case - 此次接口请求的header信息为--->None
2019-01-30 18:02:56,072 - INFO -newRun.py : 110 :excute_case - 关联接口-------->[]
2019-01-30 18:02:56,225 - INFO -newRun.py : 134 :excute_case - headers信息写入配置文件成功--->fad6def2ab1d42c289d0c1a9b74ed4e3
2019-01-30 18:02:56,308 - INFO -newRun.py : 349 :runAll - 正在执行caseId=5的用例
2019-01-30 18:02:56,309 - INFO -newRun.py : 108 :excute_case - 此次接口请求的header信息为--->{'Accept': '*/*', 'Content-Type': 'application/json;charset=utf-8', 'cookie': 'DIS4=fad6def2ab1d42c289d0c1a9b74ed4e3'}
2019-01-30 18:02:56,309 - INFO -newRun.py : 110 :excute_case - 关联接口-------->[]
2019-01-30 18:05:06,925 - INFO -parseExc.py : 22 :__init__ - 用例路径：E:\project\ApiTest\cases\case_exmple.xlsx
2019-01-30 18:05:06,925 - INFO -newRun.py : 338 :runAll - 共获取2条用例
2019-01-30 18:05:06,930 - INFO -newRun.py : 352 :runAll - 正在执行caseId=3的用例
2019-01-30 18:05:06,930 - INFO -newRun.py : 111 :excute_case - 此次接口请求的header信息为--->None
2019-01-30 18:05:06,930 - INFO -newRun.py : 113 :excute_case - 关联接口-------->[]
2019-01-30 18:05:07,121 - INFO -newRun.py : 140 :excute_case - headers信息写入配置文件成功--->75e81f56051d4bf295c640cb6a892405
2019-01-30 18:05:07,187 - INFO -newRun.py : 352 :runAll - 正在执行caseId=5的用例
2019-01-30 18:06:36,448 - INFO -parseExc.py : 22 :__init__ - 用例路径：E:\project\ApiTest\cases\case_exmple.xlsx
2019-01-30 18:06:36,448 - INFO -newRun.py : 340 :runAll - 共获取2条用例
2019-01-30 18:06:36,453 - INFO -newRun.py : 354 :runAll - 正在执行caseId=3的用例
2019-01-30 18:06:36,453 - INFO -newRun.py : 113 :excute_case - 此次接口请求的header信息为--->None
2019-01-30 18:06:36,454 - INFO -newRun.py : 115 :excute_case - 关联接口-------->[]
2019-01-30 18:06:36,546 - INFO -newRun.py : 142 :excute_case - headers信息写入配置文件成功--->1c1c8391c8d74fa8ab53aab5837221a0
2019-01-30 18:06:36,590 - INFO -newRun.py : 354 :runAll - 正在执行caseId=5的用例
2019-01-30 18:07:04,472 - INFO -parseExc.py : 22 :__init__ - 用例路径：E:\project\ApiTest\cases\case_exmple.xlsx
2019-01-30 18:07:04,473 - INFO -newRun.py : 340 :runAll - 共获取2条用例
2019-01-30 18:07:04,476 - INFO -newRun.py : 354 :runAll - 正在执行caseId=3的用例
2019-01-30 18:07:04,636 - INFO -newRun.py : 113 :excute_case - 此次接口请求的header信息为--->None
2019-01-30 18:07:04,636 - INFO -newRun.py : 115 :excute_case - 关联接口-------->[]
2019-01-30 18:07:04,746 - INFO -newRun.py : 139 :excute_case - headers信息写入配置文件成功--->2e1f8d45a74a43d2a1fd8860d301249a
2019-01-30 18:07:04,788 - INFO -newRun.py : 354 :runAll - 正在执行caseId=5的用例
2019-01-30 18:07:04,788 - INFO -newRun.py : 113 :excute_case - 此次接口请求的header信息为--->{'Accept': '*/*', 'Content-Type': 'application/json;charset=utf-8', 'cookie': 'DIS4=2e1f8d45a74a43d2a1fd8860d301249a'}
2019-01-30 18:07:04,788 - INFO -newRun.py : 115 :excute_case - 关联接口-------->[]
2019-01-30 18:10:06,838 - INFO -parseExc.py : 22 :__init__ - 用例路径：E:\project\ApiTest\cases\case_exmple.xlsx
2019-01-30 18:10:06,839 - INFO -newRun.py : 340 :runAll - 共获取2条用例
2019-01-30 18:10:06,842 - INFO -newRun.py : 354 :runAll - 正在执行caseId=3的用例
2019-01-30 18:10:06,943 - INFO -newRun.py : 113 :excute_case - 此次接口请求的header信息为--->None
2019-01-30 18:10:06,943 - INFO -newRun.py : 115 :excute_case - 关联接口-------->[]
2019-01-30 18:10:07,096 - INFO -newRun.py : 138 :excute_case - headers信息写入配置文件成功--->3f66e944dc3143c6b5a4ed922fc50855
2019-01-30 18:10:07,166 - INFO -newRun.py : 354 :runAll - 正在执行caseId=5的用例
2019-01-30 18:10:07,167 - INFO -newRun.py : 113 :excute_case - 此次接口请求的header信息为--->{'Accept': '*/*', 'Content-Type': 'application/json;charset=utf-8', 'cookie': 'DIS4=3f66e944dc3143c6b5a4ed922fc50855'}
2019-01-30 18:10:07,167 - INFO -newRun.py : 115 :excute_case - 关联接口-------->[]
2019-01-30 18:10:56,879 - INFO -parseExc.py : 22 :__init__ - 用例路径：E:\project\ApiTest\cases\case_exmple.xlsx
2019-01-30 18:10:56,880 - INFO -newRun.py : 341 :runAll - 共获取2条用例
2019-01-30 18:10:56,884 - INFO -newRun.py : 355 :runAll - 正在执行caseId=3的用例
2019-01-30 18:10:57,086 - INFO -newRun.py : 113 :excute_case - 此次接口请求的header信息为--->None
2019-01-30 18:10:57,087 - INFO -newRun.py : 115 :excute_case - 关联接口-------->[]
2019-01-30 18:10:57,267 - INFO -newRun.py : 138 :excute_case - headers信息写入配置文件成功--->2e09f3c879e04b23abaedb70efdaea28
2019-01-30 18:10:57,352 - INFO -newRun.py : 355 :runAll - 正在执行caseId=5的用例
2019-01-30 18:10:57,352 - INFO -newRun.py : 113 :excute_case - 此次接口请求的header信息为--->{'Accept': '*/*', 'Content-Type': 'application/json;charset=utf-8', 'cookie': 'DIS4=2e09f3c879e04b23abaedb70efdaea28'}
2019-01-30 18:10:57,352 - INFO -newRun.py : 115 :excute_case - 关联接口-------->[]
2019-01-30 18:12:32,266 - INFO -parseExc.py : 22 :__init__ - 用例路径：E:\project\ApiTest\cases\case_exmple.xlsx
2019-01-30 18:12:32,267 - INFO -newRun.py : 341 :runAll - 共获取1条用例
2019-01-30 18:12:32,270 - INFO -newRun.py : 355 :runAll - 正在执行caseId=3的用例
2019-01-30 18:12:32,448 - INFO -newRun.py : 113 :excute_case - 此次接口请求的header信息为--->None
2019-01-30 18:12:32,449 - INFO -newRun.py : 115 :excute_case - 关联接口-------->[]
2019-01-30 18:12:32,601 - INFO -newRun.py : 138 :excute_case - headers信息写入配置文件成功--->aacb4a1ffb624ca48fcc88c2567ed01b
2019-01-30 18:12:32,647 - INFO -newRun.py : 407 :runAll - 本次测试执行完毕，共耗时0.38秒，共执行用例：1条，成功：0条，失败：1条，阻塞：0条
2019-01-30 18:12:32,649 - INFO -report.py : 148 :get_report - 正在写入用例执行情况
2019-01-30 18:12:57,304 - INFO -parseExc.py : 22 :__init__ - 用例路径：E:\project\ApiTest\cases\case_exmple.xlsx
2019-01-30 18:12:57,304 - INFO -newRun.py : 341 :runAll - 共获取2条用例
2019-01-30 18:12:57,308 - INFO -newRun.py : 355 :runAll - 正在执行caseId=3的用例
2019-01-30 18:12:57,404 - INFO -newRun.py : 113 :excute_case - 此次接口请求的header信息为--->None
2019-01-30 18:12:57,405 - INFO -newRun.py : 115 :excute_case - 关联接口-------->[]
2019-01-30 18:12:57,521 - INFO -newRun.py : 138 :excute_case - headers信息写入配置文件成功--->0d488f04dc2049e38e019b56d1b3d454
2019-01-30 18:12:57,606 - INFO -newRun.py : 355 :runAll - 正在执行caseId=5的用例
2019-01-30 18:12:57,607 - INFO -newRun.py : 113 :excute_case - 此次接口请求的header信息为--->{'Accept': '*/*', 'Content-Type': 'application/json;charset=utf-8', 'cookie': 'DIS4=0d488f04dc2049e38e019b56d1b3d454'}
2019-01-30 18:12:57,607 - INFO -newRun.py : 115 :excute_case - 关联接口-------->[]
2019-01-30 18:13:48,448 - INFO -parseExc.py : 22 :__init__ - 用例路径：E:\project\ApiTest\cases\case_exmple.xlsx
2019-01-30 18:13:48,449 - INFO -newRun.py : 342 :runAll - 共获取2条用例
2019-01-30 18:13:48,453 - INFO -newRun.py : 356 :runAll - 正在执行caseId=3的用例
2019-01-30 18:13:48,606 - INFO -newRun.py : 113 :excute_case - 此次接口请求的header信息为--->None
2019-01-30 18:13:48,606 - INFO -newRun.py : 115 :excute_case - 关联接口-------->[]
2019-01-30 18:13:48,742 - INFO -newRun.py : 138 :excute_case - headers信息写入配置文件成功--->c17d874a57d64ca7aaa6e1683a4ec0a2
2019-01-30 18:13:48,780 - INFO -newRun.py : 356 :runAll - 正在执行caseId=5的用例
2019-01-30 18:13:48,781 - INFO -newRun.py : 113 :excute_case - 此次接口请求的header信息为--->{'Accept': '*/*', 'Content-Type': 'application/json;charset=utf-8', 'cookie': 'DIS4=c17d874a57d64ca7aaa6e1683a4ec0a2'}
2019-01-30 18:13:48,781 - INFO -newRun.py : 115 :excute_case - 关联接口-------->[]
2019-01-30 18:14:27,826 - INFO -parseExc.py : 22 :__init__ - 用例路径：E:\project\ApiTest\cases\case_exmple.xlsx
2019-01-30 18:14:27,826 - INFO -newRun.py : 342 :runAll - 共获取2条用例
2019-01-30 18:14:27,832 - INFO -newRun.py : 356 :runAll - 正在执行caseId=3的用例
2019-01-30 18:14:27,932 - INFO -newRun.py : 113 :excute_case - 此次接口请求的header信息为--->None
2019-01-30 18:14:27,932 - INFO -newRun.py : 115 :excute_case - 关联接口-------->[]
2019-01-30 18:14:28,079 - INFO -newRun.py : 138 :excute_case - headers信息写入配置文件成功--->fa45679db3b64387bff4ff96ace375bd
2019-01-30 18:14:28,123 - INFO -newRun.py : 356 :runAll - 正在执行caseId=5的用例
2019-01-30 18:14:28,123 - INFO -newRun.py : 113 :excute_case - 此次接口请求的header信息为--->{'Accept': '*/*', 'Content-Type': 'application/json;charset=utf-8', 'cookie': 'DIS4=fa45679db3b64387bff4ff96ace375bd'}
2019-01-30 18:14:28,123 - INFO -newRun.py : 115 :excute_case - 关联接口-------->[]
2019-01-30 18:14:29,894 - INFO -parseExc.py : 22 :__init__ - 用例路径：E:\project\ApiTest\cases\case_exmple.xlsx
2019-01-30 18:14:29,894 - INFO -newRun.py : 342 :runAll - 共获取2条用例
2019-01-30 18:14:29,898 - INFO -newRun.py : 356 :runAll - 正在执行caseId=3的用例
2019-01-30 18:14:30,044 - INFO -newRun.py : 113 :excute_case - 此次接口请求的header信息为--->None
2019-01-30 18:14:30,045 - INFO -newRun.py : 115 :excute_case - 关联接口-------->[]
2019-01-30 18:14:30,169 - INFO -newRun.py : 138 :excute_case - headers信息写入配置文件成功--->65f16b89b6b046788f3d666b9bd4c950
2019-01-30 18:14:30,209 - INFO -newRun.py : 356 :runAll - 正在执行caseId=5的用例
2019-01-30 18:14:30,210 - INFO -newRun.py : 113 :excute_case - 此次接口请求的header信息为--->{'Accept': '*/*', 'Content-Type': 'application/json;charset=utf-8', 'cookie': 'DIS4=65f16b89b6b046788f3d666b9bd4c950'}
2019-01-30 18:14:30,210 - INFO -newRun.py : 115 :excute_case - 关联接口-------->[]
2019-01-30 18:17:13,787 - INFO -parseExc.py : 22 :__init__ - 用例路径：E:\project\ApiTest\cases\case_exmple.xlsx
2019-01-30 18:17:13,788 - INFO -newRun.py : 342 :runAll - 共获取2条用例
2019-01-30 18:17:13,796 - INFO -newRun.py : 356 :runAll - 正在执行caseId=3的用例
2019-01-30 18:17:14,018 - INFO -newRun.py : 113 :excute_case - 此次接口请求的header信息为--->None
2019-01-30 18:17:14,018 - INFO -newRun.py : 115 :excute_case - 关联接口-------->[]
2019-01-30 18:17:14,164 - INFO -newRun.py : 138 :excute_case - headers信息写入配置文件成功--->9faae9335c8249a4b24ceb2abffaf412
2019-01-30 18:17:14,197 - INFO -newRun.py : 356 :runAll - 正在执行caseId=5的用例
2019-01-30 18:17:14,198 - INFO -newRun.py : 113 :excute_case - 此次接口请求的header信息为--->{'Accept': '*/*', 'Content-Type': 'application/json;charset=utf-8', 'cookie': 'DIS4=9faae9335c8249a4b24ceb2abffaf412'}
2019-01-30 18:17:14,198 - INFO -newRun.py : 115 :excute_case - 关联接口-------->[]
2019-01-30 18:17:34,096 - INFO -parseExc.py : 22 :__init__ - 用例路径：E:\project\ApiTest\cases\case_exmple.xlsx
2019-01-30 18:17:34,097 - INFO -newRun.py : 343 :runAll - 共获取2条用例
2019-01-30 18:17:34,100 - INFO -newRun.py : 357 :runAll - 正在执行caseId=3的用例
2019-01-30 18:17:34,194 - INFO -newRun.py : 113 :excute_case - 此次接口请求的header信息为--->None
2019-01-30 18:17:34,194 - INFO -newRun.py : 115 :excute_case - 关联接口-------->[]
2019-01-30 18:17:34,327 - INFO -newRun.py : 138 :excute_case - headers信息写入配置文件成功--->24093ae5a77140e18902cb4e955c3418
2019-01-30 18:17:34,371 - INFO -newRun.py : 357 :runAll - 正在执行caseId=5的用例
2019-01-30 18:17:34,371 - INFO -newRun.py : 113 :excute_case - 此次接口请求的header信息为--->{'Accept': '*/*', 'Content-Type': 'application/json;charset=utf-8', 'cookie': 'DIS4=24093ae5a77140e18902cb4e955c3418'}
2019-01-30 18:17:34,371 - INFO -newRun.py : 115 :excute_case - 关联接口-------->[]
2019-01-30 18:18:31,263 - INFO -parseExc.py : 22 :__init__ - 用例路径：E:\project\ApiTest\cases\case_exmple.xlsx
2019-01-30 18:18:31,263 - INFO -newRun.py : 344 :runAll - 共获取2条用例
2019-01-30 18:18:31,267 - INFO -newRun.py : 358 :runAll - 正在执行caseId=3的用例
2019-01-30 18:18:31,437 - INFO -newRun.py : 113 :excute_case - 此次接口请求的header信息为--->None
2019-01-30 18:18:31,438 - INFO -newRun.py : 115 :excute_case - 关联接口-------->[]
2019-01-30 18:18:31,561 - INFO -newRun.py : 138 :excute_case - headers信息写入配置文件成功--->7216558d06014900be3effde1a3375e5
2019-01-30 18:18:31,601 - INFO -newRun.py : 358 :runAll - 正在执行caseId=5的用例
2019-01-30 18:18:31,601 - INFO -newRun.py : 113 :excute_case - 此次接口请求的header信息为--->{'Accept': '*/*', 'Content-Type': 'application/json;charset=utf-8', 'cookie': 'DIS4=7216558d06014900be3effde1a3375e5'}
2019-01-30 18:18:31,601 - INFO -newRun.py : 115 :excute_case - 关联接口-------->[]
2019-01-30 18:18:42,484 - INFO -parseExc.py : 22 :__init__ - 用例路径：E:\project\ApiTest\cases\case_exmple.xlsx
2019-01-30 18:18:42,484 - INFO -newRun.py : 344 :runAll - 共获取2条用例
2019-01-30 18:18:42,488 - INFO -newRun.py : 358 :runAll - 正在执行caseId=3的用例
2019-01-30 18:18:42,617 - INFO -newRun.py : 113 :excute_case - 此次接口请求的header信息为--->None
2019-01-30 18:18:42,617 - INFO -newRun.py : 115 :excute_case - 关联接口-------->[]
2019-01-30 18:18:42,736 - INFO -newRun.py : 138 :excute_case - headers信息写入配置文件成功--->e018cb050dd44a7eb2a2edee1b5a0991
2019-01-30 18:18:42,778 - INFO -newRun.py : 358 :runAll - 正在执行caseId=5的用例
2019-01-30 18:18:42,778 - INFO -newRun.py : 113 :excute_case - 此次接口请求的header信息为--->{'Accept': '*/*', 'Content-Type': 'application/json;charset=utf-8', 'cookie': 'DIS4=e018cb050dd44a7eb2a2edee1b5a0991'}
2019-01-30 18:18:42,778 - INFO -newRun.py : 115 :excute_case - 关联接口-------->[]
2019-01-30 18:19:08,807 - INFO -parseExc.py : 22 :__init__ - 用例路径：E:\project\ApiTest\cases\case_exmple.xlsx
2019-01-30 18:19:08,807 - INFO -newRun.py : 344 :runAll - 共获取2条用例
2019-01-30 18:19:08,814 - INFO -newRun.py : 358 :runAll - 正在执行caseId=3的用例
2019-01-30 18:19:08,908 - INFO -newRun.py : 113 :excute_case - 此次接口请求的header信息为--->None
2019-01-30 18:19:08,908 - INFO -newRun.py : 115 :excute_case - 关联接口-------->[]
2019-01-30 18:19:09,033 - INFO -newRun.py : 138 :excute_case - headers信息写入配置文件成功--->c87d19104fb14615bcf01ce6c9d0808d
2019-01-30 18:19:09,101 - INFO -newRun.py : 358 :runAll - 正在执行caseId=5的用例
2019-01-30 18:19:09,102 - INFO -newRun.py : 113 :excute_case - 此次接口请求的header信息为--->{'Accept': '*/*', 'Content-Type': 'application/json;charset=utf-8', 'cookie': 'DIS4=c87d19104fb14615bcf01ce6c9d0808d'}
2019-01-30 18:19:09,102 - INFO -newRun.py : 115 :excute_case - 关联接口-------->[]
2019-01-30 18:21:06,801 - INFO -parseExc.py : 22 :__init__ - 用例路径：E:\project\ApiTest\cases\case_exmple.xlsx
2019-01-30 18:21:06,802 - INFO -newRun.py : 345 :runAll - 共获取2条用例
2019-01-30 18:21:06,806 - INFO -newRun.py : 359 :runAll - 正在执行caseId=3的用例
2019-01-30 18:21:06,985 - INFO -newRun.py : 113 :excute_case - 此次接口请求的header信息为--->None
2019-01-30 18:21:06,986 - INFO -newRun.py : 115 :excute_case - 关联接口-------->[]
2019-01-30 18:21:07,174 - INFO -newRun.py : 138 :excute_case - headers信息写入配置文件成功--->d3a314536e5b4f1a9e4293f36cfa75ee
2019-01-30 18:21:07,239 - INFO -newRun.py : 359 :runAll - 正在执行caseId=5的用例
2019-01-30 18:21:07,240 - INFO -newRun.py : 113 :excute_case - 此次接口请求的header信息为--->{'Accept': '*/*', 'Content-Type': 'application/json;charset=utf-8', 'cookie': 'DIS4=d3a314536e5b4f1a9e4293f36cfa75ee'}
2019-01-30 18:21:07,240 - INFO -newRun.py : 115 :excute_case - 关联接口-------->[]
2019-01-30 18:22:31,559 - INFO -parseExc.py : 22 :__init__ - 用例路径：E:\project\ApiTest\cases\case_exmple.xlsx
2019-01-30 18:22:31,559 - INFO -newRun.py : 347 :runAll - 共获取2条用例
2019-01-30 18:22:31,563 - INFO -newRun.py : 361 :runAll - 正在执行caseId=3的用例
2019-01-30 18:22:31,655 - INFO -newRun.py : 113 :excute_case - 此次接口请求的header信息为--->None
2019-01-30 18:22:31,655 - INFO -newRun.py : 115 :excute_case - 关联接口-------->[]
2019-01-30 18:22:31,804 - INFO -newRun.py : 138 :excute_case - headers信息写入配置文件成功--->e1a5df0616b148c7b828b1b96d72c960
2019-01-30 18:22:31,873 - INFO -newRun.py : 361 :runAll - 正在执行caseId=5的用例
2019-01-30 18:22:31,873 - INFO -newRun.py : 113 :excute_case - 此次接口请求的header信息为--->{'Accept': '*/*', 'Content-Type': 'application/json;charset=utf-8', 'cookie': 'DIS4=e1a5df0616b148c7b828b1b96d72c960'}
2019-01-30 18:22:31,873 - INFO -newRun.py : 115 :excute_case - 关联接口-------->[]
2019-01-30 18:23:25,638 - INFO -parseExc.py : 22 :__init__ - 用例路径：E:\project\ApiTest\cases\case_exmple.xlsx
2019-01-30 18:23:25,638 - INFO -newRun.py : 359 :runAll - 共获取2条用例
2019-01-30 18:23:25,645 - INFO -newRun.py : 373 :runAll - 正在执行caseId=3的用例
2019-01-30 18:23:25,845 - INFO -newRun.py : 113 :excute_case - 此次接口请求的header信息为--->None
2019-01-30 18:23:25,845 - INFO -newRun.py : 115 :excute_case - 关联接口-------->[]
2019-01-30 18:23:25,967 - INFO -newRun.py : 138 :excute_case - headers信息写入配置文件成功--->e08a8e258a094c299865c316a34da8c9
2019-01-30 18:23:26,008 - INFO -newRun.py : 373 :runAll - 正在执行caseId=5的用例
2019-01-30 18:23:26,008 - INFO -newRun.py : 113 :excute_case - 此次接口请求的header信息为--->{'Accept': '*/*', 'Content-Type': 'application/json;charset=utf-8', 'cookie': 'DIS4=e08a8e258a094c299865c316a34da8c9'}
2019-01-30 18:23:26,009 - INFO -newRun.py : 115 :excute_case - 关联接口-------->[]
2019-01-30 18:23:44,318 - INFO -parseExc.py : 22 :__init__ - 用例路径：E:\project\ApiTest\cases\case_exmple.xlsx
2019-01-30 18:23:44,319 - INFO -newRun.py : 359 :runAll - 共获取2条用例
2019-01-30 18:23:44,322 - INFO -newRun.py : 373 :runAll - 正在执行caseId=3的用例
2019-01-30 18:23:44,558 - INFO -newRun.py : 113 :excute_case - 此次接口请求的header信息为--->None
2019-01-30 18:23:44,558 - INFO -newRun.py : 115 :excute_case - 关联接口-------->[]
2019-01-30 18:23:44,690 - INFO -newRun.py : 138 :excute_case - headers信息写入配置文件成功--->b4de6795924c4fa7923f829f3472b99e
2019-01-30 18:23:44,738 - INFO -newRun.py : 373 :runAll - 正在执行caseId=5的用例
2019-01-30 18:23:44,739 - INFO -newRun.py : 113 :excute_case - 此次接口请求的header信息为--->{'Accept': '*/*', 'Content-Type': 'application/json;charset=utf-8', 'cookie': 'DIS4=b4de6795924c4fa7923f829f3472b99e'}
2019-01-30 18:23:44,739 - INFO -newRun.py : 115 :excute_case - 关联接口-------->[]
2019-01-30 18:25:49,432 - INFO -parseExc.py : 22 :__init__ - 用例路径：E:\project\ApiTest\cases\case_exmple.xlsx
2019-01-30 18:25:49,433 - INFO -newRun.py : 347 :runAll - 共获取2条用例
2019-01-30 18:25:49,438 - INFO -newRun.py : 361 :runAll - 正在执行caseId=3的用例
2019-01-30 18:25:49,527 - INFO -newRun.py : 113 :excute_case - 此次接口请求的header信息为--->None
2019-01-30 18:25:49,528 - INFO -newRun.py : 115 :excute_case - 关联接口-------->[]
2019-01-30 18:25:49,712 - INFO -newRun.py : 138 :excute_case - headers信息写入配置文件成功--->9ef58437aeaa4434bf3eaaeacfce93f7
2019-01-30 18:25:49,749 - INFO -newRun.py : 361 :runAll - 正在执行caseId=5的用例
2019-01-30 18:25:49,750 - INFO -newRun.py : 113 :excute_case - 此次接口请求的header信息为--->{'Accept': '*/*', 'Content-Type': 'application/json;charset=utf-8', 'cookie': 'DIS4=9ef58437aeaa4434bf3eaaeacfce93f7'}
2019-01-30 18:25:49,752 - INFO -newRun.py : 115 :excute_case - 关联接口-------->[]
2019-01-30 18:28:21,301 - INFO -parseExc.py : 22 :__init__ - 用例路径：E:\project\ApiTest\cases\case_exmple.xlsx
2019-01-30 18:28:21,302 - INFO -newRun.py : 344 :runAll - 共获取2条用例
2019-01-30 18:28:21,306 - INFO -newRun.py : 358 :runAll - 正在执行caseId=3的用例
2019-01-30 18:28:21,504 - INFO -newRun.py : 113 :excute_case - 此次接口请求的header信息为--->None
2019-01-30 18:28:21,504 - INFO -newRun.py : 115 :excute_case - 关联接口-------->[]
2019-01-30 18:28:21,676 - INFO -newRun.py : 138 :excute_case - headers信息写入配置文件成功--->188eb60cc72f405b97fc433f3ec8d7f9
2019-01-30 18:28:21,712 - INFO -newRun.py : 358 :runAll - 正在执行caseId=5的用例
2019-01-30 18:28:21,712 - INFO -newRun.py : 113 :excute_case - 此次接口请求的header信息为--->{'Accept': '*/*', 'Content-Type': 'application/json;charset=utf-8', 'cookie': 'DIS4=188eb60cc72f405b97fc433f3ec8d7f9'}
2019-01-30 18:28:21,712 - INFO -newRun.py : 115 :excute_case - 关联接口-------->[]
2019-01-30 18:29:57,690 - INFO -parseExc.py : 22 :__init__ - 用例路径：E:\project\ApiTest\cases\case_exmple.xlsx
2019-01-30 18:29:57,690 - INFO -newRun.py : 344 :runAll - 共获取3条用例
2019-01-30 18:29:57,698 - INFO -newRun.py : 358 :runAll - 正在执行caseId=3的用例
2019-01-30 18:29:57,811 - INFO -newRun.py : 113 :excute_case - 此次接口请求的header信息为--->None
2019-01-30 18:29:57,812 - INFO -newRun.py : 115 :excute_case - 关联接口-------->[]
2019-01-30 18:29:57,958 - INFO -newRun.py : 115 :excute_case - 关联接口-------->[{'apiId': 4, 'apiHost': '/s4/dashboard', 'apiHeaders': None, 'apiParams': '', 'method': 'get', 'relatedApi': None, 'relatedParams': ''}]
2019-01-30 18:29:58,111 - INFO -newRun.py : 138 :excute_case - headers信息写入配置文件成功--->62d5f16f42974860b44712b051790b9b
2019-01-30 18:29:58,136 - INFO -newRun.py : 358 :runAll - 正在执行caseId=4的用例
2019-01-30 18:29:58,136 - INFO -newRun.py : 113 :excute_case - 此次接口请求的header信息为--->{'Accept': '*/*', 'Content-Type': 'application/json;charset=utf-8', 'cookie': 'DIS4=62d5f16f42974860b44712b051790b9b'}
2019-01-30 18:29:58,136 - INFO -newRun.py : 115 :excute_case - 关联接口-------->[]
2019-01-30 18:29:58,270 - INFO -newRun.py : 358 :runAll - 正在执行caseId=5的用例
2019-01-30 18:29:58,270 - INFO -newRun.py : 113 :excute_case - 此次接口请求的header信息为--->{'Accept': '*/*', 'Content-Type': 'application/json;charset=utf-8', 'cookie': 'DIS4=62d5f16f42974860b44712b051790b9b'}
2019-01-30 18:29:58,270 - INFO -newRun.py : 115 :excute_case - 关联接口-------->[]
2019-01-30 18:30:16,316 - INFO -parseExc.py : 22 :__init__ - 用例路径：E:\project\ApiTest\cases\case_exmple.xlsx
2019-01-30 18:30:16,316 - INFO -newRun.py : 344 :runAll - 共获取2条用例
2019-01-30 18:30:16,376 - INFO -newRun.py : 358 :runAll - 正在执行caseId=3的用例
2019-01-30 18:30:16,507 - INFO -newRun.py : 113 :excute_case - 此次接口请求的header信息为--->None
2019-01-30 18:30:16,507 - INFO -newRun.py : 115 :excute_case - 关联接口-------->[]
2019-01-30 18:30:16,508 - ERROR -newRun.py : 123 :excute_case - 接口3所关联的接口4在用例中没有选择执行
2019-01-30 18:31:32,004 - INFO -parseExc.py : 22 :__init__ - 用例路径：E:\project\ApiTest\cases\case_exmple.xlsx
2019-01-30 18:31:32,004 - INFO -newRun.py : 344 :runAll - 共获取2条用例
2019-01-30 18:31:32,008 - INFO -newRun.py : 358 :runAll - 正在执行caseId=3的用例
2019-01-30 18:31:32,028 - INFO -newRun.py : 113 :excute_case - 此次接口请求的header信息为--->None
2019-01-30 18:31:32,028 - INFO -newRun.py : 115 :excute_case - 关联接口-------->[]
2019-01-30 18:31:32,028 - ERROR -newRun.py : 123 :excute_case - 接口3所关联的接口4在用例中没有选择执行
2019-01-30 18:31:45,846 - INFO -parseExc.py : 22 :__init__ - 用例路径：E:\project\ApiTest\cases\case_exmple.xlsx
2019-01-30 18:31:45,847 - INFO -newRun.py : 344 :runAll - 共获取2条用例
2019-01-30 18:31:45,850 - INFO -newRun.py : 358 :runAll - 正在执行caseId=3的用例
2019-01-30 18:31:45,895 - INFO -newRun.py : 113 :excute_case - 此次接口请求的header信息为--->None
2019-01-30 18:31:45,895 - INFO -newRun.py : 115 :excute_case - 关联接口-------->[]
2019-01-30 18:31:45,896 - ERROR -newRun.py : 123 :excute_case - 接口3所关联的接口4在用例中没有选择执行
2019-01-30 18:31:58,737 - INFO -parseExc.py : 22 :__init__ - 用例路径：E:\project\ApiTest\cases\case_exmple.xlsx
2019-01-30 18:31:58,737 - INFO -newRun.py : 344 :runAll - 共获取2条用例
2019-01-30 18:31:58,742 - INFO -newRun.py : 358 :runAll - 正在执行caseId=3的用例
2019-01-30 18:31:58,774 - INFO -newRun.py : 113 :excute_case - 此次接口请求的header信息为--->None
2019-01-30 18:31:58,774 - INFO -newRun.py : 115 :excute_case - 关联接口-------->[]
2019-01-30 18:31:58,959 - INFO -newRun.py : 138 :excute_case - headers信息写入配置文件成功--->7910f92c11f04e4bb1036a045a299630
2019-01-30 18:31:59,063 - INFO -newRun.py : 358 :runAll - 正在执行caseId=5的用例
2019-01-30 18:31:59,063 - INFO -newRun.py : 113 :excute_case - 此次接口请求的header信息为--->{'Accept': '*/*', 'Content-Type': 'application/json;charset=utf-8', 'cookie': 'DIS4=7910f92c11f04e4bb1036a045a299630'}
2019-01-30 18:31:59,064 - INFO -newRun.py : 115 :excute_case - 关联接口-------->[]
2019-01-30 18:31:59,196 - INFO -newRun.py : 410 :runAll - 本次测试执行完毕，共耗时0.46秒，共执行用例：2条，成功：0条，失败：1条，阻塞：1条
2019-01-30 18:31:59,199 - INFO -report.py : 148 :get_report - 正在写入用例执行情况
2019-01-30 18:33:07,138 - INFO -parseExc.py : 22 :__init__ - 用例路径：E:\project\ApiTest\cases\case_exmple.xlsx
2019-01-30 18:33:07,138 - INFO -newRun.py : 344 :runAll - 共获取2条用例
2019-01-30 18:33:07,144 - INFO -newRun.py : 358 :runAll - 正在执行caseId=3的用例
2019-01-30 18:33:07,265 - INFO -newRun.py : 113 :excute_case - 此次接口请求的header信息为--->None
2019-01-30 18:33:07,265 - INFO -newRun.py : 115 :excute_case - 关联接口-------->[]
2019-01-30 18:33:07,422 - INFO -newRun.py : 138 :excute_case - headers信息写入配置文件成功--->8f26ff0287504a9ba7975e0e022fb669
2019-01-30 18:33:07,460 - INFO -newRun.py : 358 :runAll - 正在执行caseId=5的用例
2019-01-30 18:33:07,461 - INFO -newRun.py : 113 :excute_case - 此次接口请求的header信息为--->{'Accept': '*/*', 'Content-Type': 'application/json;charset=utf-8', 'cookie': 'DIS4=8f26ff0287504a9ba7975e0e022fb669'}
2019-01-30 18:33:07,461 - INFO -newRun.py : 115 :excute_case - 关联接口-------->[]
2019-01-30 18:33:07,665 - INFO -newRun.py : 410 :runAll - 本次测试执行完毕，共耗时0.52秒，共执行用例：2条，成功：0条，失败：1条，阻塞：1条
2019-01-30 18:33:07,668 - INFO -report.py : 148 :get_report - 正在写入用例执行情况
2019-01-30 18:35:03,624 - INFO -parseExc.py : 22 :__init__ - 用例路径：E:\project\ApiTest\cases\case_exmple.xlsx
2019-01-30 18:35:03,624 - INFO -newRun.py : 344 :runAll - 共获取2条用例
2019-01-30 18:35:03,627 - INFO -newRun.py : 358 :runAll - 正在执行caseId=3的用例
2019-01-30 18:35:03,680 - INFO -newRun.py : 113 :excute_case - 此次接口请求的header信息为--->None
2019-01-30 18:35:03,680 - INFO -newRun.py : 115 :excute_case - 关联接口-------->[]
2019-01-30 18:35:03,819 - INFO -newRun.py : 138 :excute_case - headers信息写入配置文件成功--->1ae955d47247408ebde28f34fd9fce4b
2019-01-30 18:35:03,874 - INFO -newRun.py : 358 :runAll - 正在执行caseId=5的用例
2019-01-30 18:35:03,874 - INFO -newRun.py : 113 :excute_case - 此次接口请求的header信息为--->{'Accept': '*/*', 'Content-Type': 'application/json;charset=utf-8', 'cookie': 'DIS4=1ae955d47247408ebde28f34fd9fce4b'}
2019-01-30 18:35:03,875 - INFO -newRun.py : 115 :excute_case - 关联接口-------->[]
2019-01-30 18:35:03,875 - INFO -newRun.py : 115 :excute_case - 关联接口-------->[{'apiId': 3, 'apiHost': '/s4/login.mobile', 'apiHeaders': None, 'apiParams': '{"phone":"17711794026","code":"4883"}', 'method': 'post', 'relatedApi': None, 'relatedParams': ''}]
2019-01-30 18:35:19,759 - INFO -parseExc.py : 22 :__init__ - 用例路径：E:\project\ApiTest\cases\case_exmple.xlsx
2019-01-30 18:35:19,759 - INFO -newRun.py : 344 :runAll - 共获取2条用例
2019-01-30 18:35:19,765 - INFO -newRun.py : 358 :runAll - 正在执行caseId=3的用例
2019-01-30 18:35:19,867 - INFO -newRun.py : 113 :excute_case - 此次接口请求的header信息为--->None
2019-01-30 18:35:19,868 - INFO -newRun.py : 115 :excute_case - 关联接口-------->[]
2019-01-30 18:35:19,913 - ERROR -newRun.py : 295 :check - 'dict' object has no attribute 'json'
